<?xml version="1.0" encoding="UTF-8"?>
<testsuite name="hello.ApplicationTest" time="0.004" tests="1" errors="1" skipped="0" failures="0">
  <properties>
[...]
</properties>
  <testcase name="initializationError" classname="hello.ApplicationTest" time="0.004">
    <error message="Unable to find a @SpringBootConfiguration, you need to use @ContextConfiguration or @SpringBootTest(classes=...) with your test" type="java.lang.IllegalStateException"><![CDATA[java.lang.IllegalStateException: Unable to find a @SpringBootConfiguration, you need to use @ContextConfiguration or @SpringBootTest(classes=...) with your test
	at org.springframework.util.Assert.state(Assert.java:70)
	at org.springframework.boot.test.context.SpringBootTestContextBootstrapper.getOrFindConfigurationClasses(SpringBootTestContextBootstrapper.java:202)
	at org.springframework.boot.test.context.SpringBootTestContextBootstrapper.processMergedContextConfiguration(SpringBootTestContextBootstrapper.java:137)
	at org.springframework.test.context.support.AbstractTestContextBootstrapper.buildMergedContextConfiguration(AbstractTestContextBootstrapper.java:409)
	at org.springframework.test.context.support.AbstractTestContextBootstrapper.buildDefaultMergedContextConfiguration(AbstractTestContextBootstrapper.java:323)
	at org.springframework.test.context.support.AbstractTestContextBootstrapper.buildMergedContextConfiguration(AbstractTestContextBootstrapper.java:277)
	at org.springframework.test.context.support.AbstractTestContextBootstrapper.buildTestContext(AbstractTestContextBootstrapper.java:112)
	at org.springframework.boot.test.context.SpringBootTestContextBootstrapper.buildTestContext(SpringBootTestContextBootstrapper.java:82)
	at org.springframework.test.context.TestContextManager.<init>(TestContextManager.java:120)
	at org.springframework.test.context.TestContextManager.<init>(TestContextManager.java:105)
	at org.springframework.test.context.junit4.SpringJUnit4ClassRunner.createTestContextManager(SpringJUnit4ClassRunner.java:152)
	at org.springframework.test.context.junit4.SpringJUnit4ClassRunner.<init>(SpringJUnit4ClassRunner.java:143)
	at org.springframework.test.context.junit4.SpringRunner.<init>(SpringRunner.java:49)
	at sun.reflect.NativeConstructorAccessorImpl.newInstance0(Native Method)
	at sun.reflect.NativeConstructorAccessorImpl.newInstance(Unknown Source)
	at sun.reflect.DelegatingConstructorAccessorImpl.newInstance(Unknown Source)
	at java.lang.reflect.Constructor.newInstance(Unknown Source)
	at org.junit.internal.builders.AnnotatedBuilder.buildRunner(AnnotatedBuilder.java:104)
	at org.junit.internal.builders.AnnotatedBuilder.runnerForClass(AnnotatedBuilder.java:86)
	at org.junit.runners.model.RunnerBuilder.safeRunnerForClass(RunnerBuilder.java:59)
	at org.junit.internal.builders.AllDefaultPossibilitiesBuilder.runnerForClass(AllDefaultPossibilitiesBuilder.java:26)
	at org.junit.runners.model.RunnerBuilder.safeRunnerForClass(RunnerBuilder.java:59)
	at org.junit.internal.requests.ClassRequest.getRunner(ClassRequest.java:33)
	at org.apache.maven.surefire.junit4.JUnit4Provider.execute(JUnit4Provider.java:283)
	at org.apache.maven.surefire.junit4.JUnit4Provider.executeWithRerun(JUnit4Provider.java:173)
	at org.apache.maven.surefire.junit4.JUnit4Provider.executeTestSet(JUnit4Provider.java:153)
	at org.apache.maven.surefire.junit4.JUnit4Provider.invoke(JUnit4Provider.java:128)
	at org.apache.maven.surefire.booter.ForkedBooter.invokeProviderInSameClassLoader(ForkedBooter.java:203)
	at org.apache.maven.surefire.booter.ForkedBooter.runSuitesInProcess(ForkedBooter.java:155)
	at org.apache.maven.surefire.booter.ForkedBooter.main(ForkedBooter.java:103)
]]></error>
    <system-out><![CDATA[02:26:56.054 [main] DEBUG org.springframework.test.context.junit4.SpringJUnit4ClassRunner - SpringJUnit4ClassRunner constructor called with [class hello.ApplicationTest]
02:26:56.070 [main] DEBUG org.springframework.test.context.BootstrapUtils - Instantiating CacheAwareContextLoaderDelegate from class [org.springframework.test.context.cache.DefaultCacheAwareContextLoaderDelegate]
02:26:56.070 [main] DEBUG org.springframework.test.context.BootstrapUtils - Instantiating BootstrapContext using constructor [public org.springframework.test.context.support.DefaultBootstrapContext(java.lang.Class,org.springframework.test.context.CacheAwareContextLoaderDelegate)]
02:26:56.134 [main] DEBUG org.springframework.test.context.BootstrapUtils - Instantiating TestContextBootstrapper for test class [hello.ApplicationTest] from class [org.springframework.boot.test.context.SpringBootTestContextBootstrapper]
02:26:56.134 [main] INFO org.springframework.boot.test.context.SpringBootTestContextBootstrapper - Neither @ContextConfiguration nor @ContextHierarchy found for test class [hello.ApplicationTest], using SpringBootContextLoader
02:26:56.150 [main] DEBUG org.springframework.test.context.support.AbstractContextLoader - Did not detect default resource location for test class [hello.ApplicationTest]: class path resource [hello/ApplicationTest-context.xml] does not exist
02:26:56.150 [main] DEBUG org.springframework.test.context.support.AbstractContextLoader - Did not detect default resource location for test class [hello.ApplicationTest]: class path resource [hello/ApplicationTestContext.groovy] does not exist
02:26:56.150 [main] INFO org.springframework.test.context.support.AbstractContextLoader - Could not detect default resource locations for test class [hello.ApplicationTest]: no resource found for suffixes {-context.xml, Context.groovy}.
02:26:56.150 [main] INFO org.springframework.test.context.support.AnnotationConfigContextLoaderUtils - Could not detect default configuration classes for test class [hello.ApplicationTest]: ApplicationTest does not declare any static, non-private, non-final, nested classes annotated with @Configuration.
02:26:56.238 [main] DEBUG org.springframework.test.context.support.ActiveProfilesUtils - Could not find an 'annotation declaring class' for annotation type [org.springframework.test.context.ActiveProfiles] and class [hello.ApplicationTest]
02:26:56.245 [main] DEBUG org.springframework.core.env.StandardEnvironment - Adding PropertySource 'systemProperties' with lowest search precedence
02:26:56.246 [main] DEBUG org.springframework.core.env.StandardEnvironment - Adding PropertySource 'systemEnvironment' with lowest search precedence
02:26:56.247 [main] DEBUG org.springframework.core.env.StandardEnvironment - Initialized StandardEnvironment with PropertySources [MapPropertySource@1181869371 {name='systemProperties', properties={java.runtime.name=Java(TM) SE Runtime Environment, sun.boot.library.path=C:\Program Files\Java\jre1.8.0_181\bin, java.vm.version=25.181-b13, java.vm.vendor=Oracle Corporation, java.vendor.url=http://java.oracle.com/, path.separator=;, java.vm.name=Java HotSpot(TM) 64-Bit Server VM, file.encoding.pkg=sun.io, user.country=RU, user.script=, sun.java.launcher=SUN_STANDARD, sun.os.patch.level=, java.vm.specification.name=Java Virtual Machine Specification, user.dir=C:\Users\megroup9gmail.com\git\site-\telephone_system, java.runtime.version=1.8.0_181-b13, basedir=C:\Users\megroup9gmail.com\git\site-\telephone_system, java.awt.graphicsenv=sun.awt.Win32GraphicsEnvironment, java.endorsed.dirs=C:\Program Files\Java\jre1.8.0_181\lib\endorsed, os.arch=amd64, surefire.real.class.path=C:\Users\megroup9gmail.com\git\site-\telephone_system\target\surefire\surefirebooter7924075306269859470.jar, java.io.tmpdir=C:\Users\MEGROU~1.COM\AppData\Local\Temp\, line.separator=
, java.vm.specification.vendor=Oracle Corporation, user.variant=, os.name=Windows 10, sun.jnu.encoding=Cp1251, java.library.path=C:\Program Files\Java\jre1.8.0_181\bin;C:\WINDOWS\Sun\Java\bin;C:\WINDOWS\system32;C:\WINDOWS;C:/Program Files/Java/jre1.8.0_181/bin/server;C:/Program Files/Java/jre1.8.0_181/bin;C:/Program Files/Java/jre1.8.0_181/lib/amd64;C:\Program Files (x86)\Common Files\Oracle\Java\javapath;C:\Program Files\NVIDIA GPU Computing Toolkit\CUDA\v9.0\bin;C:\Program Files\NVIDIA GPU Computing Toolkit\CUDA\v9.0\libnvvp;C:\Program Files\Microsoft MPI\Bin\;C:\ProgramData\Oracle\Java\javapath;C:\WINDOWS\system32;C:\WINDOWS;C:\WINDOWS\System32\Wbem;C:\WINDOWS\System32\WindowsPowerShell\v1.0\;C:\Users\admin\.dnx\bin;C:\Program Files\Microsoft DNX\Dnvm\;C:\Program Files\Microsoft SQL Server\120\Tools\Binn\;C:\Program Files\Microsoft SQL Server\130\Tools\Binn\;C:\Program Files\Microsoft\Web Platform Installer\;C:\Program Files (x86)\Microsoft ASP.NET\ASP.NET Web Pages\v1.0\;C:\Program Files\Microsoft SQL Server\110\Tools\Binn\;C:\Program Files (x86)\nodejs\;C:\Program Files (x86)\Microsoft SQL Server\130\Tools\Binn\;C:\Program Files (x86)\Microsoft SQL Server\130\DTS\Binn\;C:\Program Files\Microsoft SQL Server\130\DTS\Binn\;C:\Program Files\Microsoft SQL Server\Client SDK\ODBC\130\Tools\Binn\;C:\Program Files (x86)\Microsoft SQL Server\Client SDK\ODBC\130\Tools\Binn\;C:\Program Files (x86)\Microsoft SQL Server\130\Tools\Binn\ManagementStudio\;C:\Program Files (x86)\NVIDIA Corporation\PhysX\Common;C:\Program Files (x86)\Windows Kits\10\Windows Performance Toolkit\;C:\Program Files\dotnet\;C:\Program Files (x86)\GtkSharp\2.12\bin;C:\Program Files\MySQL\MySQL Utilities 1.6\;C:\WINDOWS\system32;C:\WINDOWS;C:\WINDOWS\System32\Wbem;C:\WINDOWS\System32\WindowsPowerShell\v1.0\;C:\WINDOWS\System32\OpenSSH\;C:\Program Files\Git\cmd;C:\Users\megroup9gmail.com\AppData\Roaming\npm;C:\Users\megroup9gmail.com\AppData\Local\Microsoft\WindowsApps;C:\Users\megroup9gmail.com\AppData\Local\GitHubDesktop\bin;C:\Users\megroup9gmail.com\Desktop\spring-tool-suite-3.9.5.RELEASE-e4.8.0-win32-x86_64\sts-bundle\sts-3.9.5.RELEASE;;., surefire.test.class.path=C:\Users\megroup9gmail.com\git\site-\telephone_system\target\test-classes;C:\Users\megroup9gmail.com\git\site-\telephone_system\target\classes;C:\Users\megroup9gmail.com\.m2\repository\org\springframework\boot\spring-boot-starter-security\1.5.7.RELEASE\spring-boot-starter-security-1.5.7.RELEASE.jar;C:\Users\megroup9gmail.com\.m2\repository\org\springframework\boot\spring-boot-starter\1.5.7.RELEASE\spring-boot-starter-1.5.7.RELEASE.jar;C:\Users\megroup9gmail.com\.m2\repository\org\springframework\boot\spring-boot-starter-logging\1.5.7.RELEASE\spring-boot-starter-logging-1.5.7.RELEASE.jar;C:\Users\megroup9gmail.com\.m2\repository\ch\qos\logback\logback-classic\1.1.11\logback-classic-1.1.11.jar;C:\Users\megroup9gmail.com\.m2\repository\ch\qos\logback\logback-core\1.1.11\logback-core-1.1.11.jar;C:\Users\megroup9gmail.com\.m2\repository\org\slf4j\jul-to-slf4j\1.7.25\jul-to-slf4j-1.7.25.jar;C:\Users\megroup9gmail.com\.m2\repository\org\slf4j\log4j-over-slf4j\1.7.25\log4j-over-slf4j-1.7.25.jar;C:\Users\megroup9gmail.com\.m2\repository\org\yaml\snakeyaml\1.17\snakeyaml-1.17.jar;C:\Users\megroup9gmail.com\.m2\repository\org\springframework\spring-aop\4.3.11.RELEASE\spring-aop-4.3.11.RELEASE.jar;C:\Users\megroup9gmail.com\.m2\repository\org\springframework\security\spring-security-config\4.2.3.RELEASE\spring-security-config-4.2.3.RELEASE.jar;C:\Users\megroup9gmail.com\.m2\repository\org\springframework\boot\spring-boot-starter-tomcat\1.5.7.RELEASE\spring-boot-starter-tomcat-1.5.7.RELEASE.jar;C:\Users\megroup9gmail.com\.m2\repository\org\apache\tomcat\embed\tomcat-embed-core\8.5.20\tomcat-embed-core-8.5.20.jar;C:\Users\megroup9gmail.com\.m2\repository\org\apache\tomcat\embed\tomcat-embed-el\8.5.20\tomcat-embed-el-8.5.20.jar;C:\Users\megroup9gmail.com\.m2\repository\org\apache\tomcat\embed\tomcat-embed-websocket\8.5.20\tomcat-embed-websocket-8.5.20.jar;C:\Users\megroup9gmail.com\.m2\repository\org\springframework\security\spring-security-web\4.2.3.RELEASE\spring-security-web-4.2.3.RELEASE.jar;C:\Users\megroup9gmail.com\.m2\repository\aopalliance\aopalliance\1.0\aopalliance-1.0.jar;C:\Users\megroup9gmail.com\.m2\repository\org\springframework\security\spring-security-core\4.2.3.RELEASE\spring-security-core-4.2.3.RELEASE.jar;C:\Users\megroup9gmail.com\.m2\repository\org\springframework\spring-beans\4.3.11.RELEASE\spring-beans-4.3.11.RELEASE.jar;C:\Users\megroup9gmail.com\.m2\repository\org\springframework\spring-context\4.3.11.RELEASE\spring-context-4.3.11.RELEASE.jar;C:\Users\megroup9gmail.com\.m2\repository\org\springframework\spring-core\4.3.11.RELEASE\spring-core-4.3.11.RELEASE.jar;C:\Users\megroup9gmail.com\.m2\repository\org\springframework\spring-expression\4.3.11.RELEASE\spring-expression-4.3.11.RELEASE.jar;C:\Users\megroup9gmail.com\.m2\repository\org\springframework\spring-web\4.3.11.RELEASE\spring-web-4.3.11.RELEASE.jar;C:\Users\megroup9gmail.com\.m2\repository\org\apache\poi\poi\3.7\poi-3.7.jar;C:\Users\megroup9gmail.com\.m2\repository\com\google\code\gson\gson\2.8.5\gson-2.8.5.jar;C:\Users\megroup9gmail.com\.m2\repository\org\springframework\boot\spring-boot-starter-thymeleaf\1.5.7.RELEASE\spring-boot-starter-thymeleaf-1.5.7.RELEASE.jar;C:\Users\megroup9gmail.com\.m2\repository\org\thymeleaf\thymeleaf-spring4\2.1.5.RELEASE\thymeleaf-spring4-2.1.5.RELEASE.jar;C:\Users\megroup9gmail.com\.m2\repository\org\thymeleaf\thymeleaf\2.1.5.RELEASE\thymeleaf-2.1.5.RELEASE.jar;C:\Users\megroup9gmail.com\.m2\repository\ognl\ognl\3.0.8\ognl-3.0.8.jar;C:\Users\megroup9gmail.com\.m2\repository\org\unbescape\unbescape\1.1.0.RELEASE\unbescape-1.1.0.RELEASE.jar;C:\Users\megroup9gmail.com\.m2\repository\org\slf4j\slf4j-api\1.7.25\slf4j-api-1.7.25.jar;C:\Users\megroup9gmail.com\.m2\repository\nz\net\ultraq\thymeleaf\thymeleaf-layout-dialect\1.4.0\thymeleaf-layout-dialect-1.4.0.jar;C:\Users\megroup9gmail.com\.m2\repository\org\codehaus\groovy\groovy\2.4.12\groovy-2.4.12.jar;C:\Users\megroup9gmail.com\.m2\repository\org\springframework\boot\spring-boot-devtools\1.5.7.RELEASE\spring-boot-devtools-1.5.7.RELEASE.jar;C:\Users\megroup9gmail.com\.m2\repository\org\springframework\boot\spring-boot\1.5.7.RELEASE\spring-boot-1.5.7.RELEASE.jar;C:\Users\megroup9gmail.com\.m2\repository\org\springframework\boot\spring-boot-autoconfigure\1.5.7.RELEASE\spring-boot-autoconfigure-1.5.7.RELEASE.jar;C:\Users\megroup9gmail.com\.m2\repository\org\springframework\boot\spring-boot-starter-test\1.5.7.RELEASE\spring-boot-starter-test-1.5.7.RELEASE.jar;C:\Users\megroup9gmail.com\.m2\repository\org\springframework\boot\spring-boot-test\1.5.7.RELEASE\spring-boot-test-1.5.7.RELEASE.jar;C:\Users\megroup9gmail.com\.m2\repository\org\springframework\boot\spring-boot-test-autoconfigure\1.5.7.RELEASE\spring-boot-test-autoconfigure-1.5.7.RELEASE.jar;C:\Users\megroup9gmail.com\.m2\repository\com\jayway\jsonpath\json-path\2.2.0\json-path-2.2.0.jar;C:\Users\megroup9gmail.com\.m2\repository\net\minidev\json-smart\2.2.1\json-smart-2.2.1.jar;C:\Users\megroup9gmail.com\.m2\repository\net\minidev\accessors-smart\1.1\accessors-smart-1.1.jar;C:\Users\megroup9gmail.com\.m2\repository\org\ow2\asm\asm\5.0.3\asm-5.0.3.jar;C:\Users\megroup9gmail.com\.m2\repository\junit\junit\4.12\junit-4.12.jar;C:\Users\megroup9gmail.com\.m2\repository\org\assertj\assertj-core\2.6.0\assertj-core-2.6.0.jar;C:\Users\megroup9gmail.com\.m2\repository\org\mockito\mockito-core\1.10.19\mockito-core-1.10.19.jar;C:\Users\megroup9gmail.com\.m2\repository\org\objenesis\objenesis\2.1\objenesis-2.1.jar;C:\Users\megroup9gmail.com\.m2\repository\org\hamcrest\hamcrest-core\1.3\hamcrest-core-1.3.jar;C:\Users\megroup9gmail.com\.m2\repository\org\hamcrest\hamcrest-library\1.3\hamcrest-library-1.3.jar;C:\Users\megroup9gmail.com\.m2\repository\org\skyscreamer\jsonassert\1.4.0\jsonassert-1.4.0.jar;C:\Users\megroup9gmail.com\.m2\repository\com\vaadin\external\google\android-json\0.0.20131108.vaadin1\android-json-0.0.20131108.vaadin1.jar;C:\Users\megroup9gmail.com\.m2\repository\org\springframework\spring-test\4.3.11.RELEASE\spring-test-4.3.11.RELEASE.jar;C:\Users\megroup9gmail.com\.m2\repository\org\springframework\boot\spring-boot-starter-web\1.5.7.RELEASE\spring-boot-starter-web-1.5.7.RELEASE.jar;C:\Users\megroup9gmail.com\.m2\repository\org\hibernate\hibernate-validator\5.3.5.Final\hibernate-validator-5.3.5.Final.jar;C:\Users\megroup9gmail.com\.m2\repository\javax\validation\validation-api\1.1.0.Final\validation-api-1.1.0.Final.jar;C:\Users\megroup9gmail.com\.m2\repository\org\jboss\logging\jboss-logging\3.3.1.Final\jboss-logging-3.3.1.Final.jar;C:\Users\megroup9gmail.com\.m2\repository\com\fasterxml\classmate\1.3.4\classmate-1.3.4.jar;C:\Users\megroup9gmail.com\.m2\repository\org\springframework\spring-webmvc\4.3.11.RELEASE\spring-webmvc-4.3.11.RELEASE.jar;C:\Users\megroup9gmail.com\.m2\repository\org\springframework\boot\spring-boot-starter-data-jpa\1.5.7.RELEASE\spring-boot-starter-data-jpa-1.5.7.RELEASE.jar;C:\Users\megroup9gmail.com\.m2\repository\org\springframework\boot\spring-boot-starter-aop\1.5.7.RELEASE\spring-boot-starter-aop-1.5.7.RELEASE.jar;C:\Users\megroup9gmail.com\.m2\repository\org\aspectj\aspectjweaver\1.8.10\aspectjweaver-1.8.10.jar;C:\Users\megroup9gmail.com\.m2\repository\org\springframework\boot\spring-boot-starter-jdbc\1.5.7.RELEASE\spring-boot-starter-jdbc-1.5.7.RELEASE.jar;C:\Users\megroup9gmail.com\.m2\repository\org\apache\tomcat\tomcat-jdbc\8.5.20\tomcat-jdbc-8.5.20.jar;C:\Users\megroup9gmail.com\.m2\repository\org\apache\tomcat\tomcat-juli\8.5.20\tomcat-juli-8.5.20.jar;C:\Users\megroup9gmail.com\.m2\repository\org\hibernate\hibernate-core\5.0.12.Final\hibernate-core-5.0.12.Final.jar;C:\Users\megroup9gmail.com\.m2\repository\org\hibernate\javax\persistence\hibernate-jpa-2.1-api\1.0.0.Final\hibernate-jpa-2.1-api-1.0.0.Final.jar;C:\Users\megroup9gmail.com\.m2\repository\org\javassist\javassist\3.21.0-GA\javassist-3.21.0-GA.jar;C:\Users\megroup9gmail.com\.m2\repository\antlr\antlr\2.7.7\antlr-2.7.7.jar;C:\Users\megroup9gmail.com\.m2\repository\org\jboss\jandex\2.0.0.Final\jandex-2.0.0.Final.jar;C:\Users\megroup9gmail.com\.m2\repository\dom4j\dom4j\1.6.1\dom4j-1.6.1.jar;C:\Users\megroup9gmail.com\.m2\repository\org\hibernate\common\hibernate-commons-annotations\5.0.1.Final\hibernate-commons-annotations-5.0.1.Final.jar;C:\Users\megroup9gmail.com\.m2\repository\org\hibernate\hibernate-entitymanager\5.0.12.Final\hibernate-entitymanager-5.0.12.Final.jar;C:\Users\megroup9gmail.com\.m2\repository\javax\transaction\javax.transaction-api\1.2\javax.transaction-api-1.2.jar;C:\Users\megroup9gmail.com\.m2\repository\org\springframework\data\spring-data-jpa\1.11.7.RELEASE\spring-data-jpa-1.11.7.RELEASE.jar;C:\Users\megroup9gmail.com\.m2\repository\org\springframework\data\spring-data-commons\1.13.7.RELEASE\spring-data-commons-1.13.7.RELEASE.jar;C:\Users\megroup9gmail.com\.m2\repository\org\springframework\spring-orm\4.3.11.RELEASE\spring-orm-4.3.11.RELEASE.jar;C:\Users\megroup9gmail.com\.m2\repository\org\slf4j\jcl-over-slf4j\1.7.25\jcl-over-slf4j-1.7.25.jar;C:\Users\megroup9gmail.com\.m2\repository\org\springframework\spring-aspects\4.3.11.RELEASE\spring-aspects-4.3.11.RELEASE.jar;C:\Users\megroup9gmail.com\.m2\repository\org\springframework\spring-jdbc\4.3.11.RELEASE\spring-jdbc-4.3.11.RELEASE.jar;C:\Users\megroup9gmail.com\.m2\repository\org\springframework\spring-tx\4.3.11.RELEASE\spring-tx-4.3.11.RELEASE.jar;C:\Users\megroup9gmail.com\.m2\repository\mysql\mysql-connector-java\5.1.6\mysql-connector-java-5.1.6.jar;C:\Users\megroup9gmail.com\.m2\repository\com\fasterxml\jackson\core\jackson-core\2.6.3\jackson-core-2.6.3.jar;C:\Users\megroup9gmail.com\.m2\repository\com\fasterxml\jackson\core\jackson-databind\2.6.3\jackson-databind-2.6.3.jar;C:\Users\megroup9gmail.com\.m2\repository\com\fasterxml\jackson\core\jackson-annotations\2.8.0\jackson-annotations-2.8.0.jar;C:\Users\megroup9gmail.com\.m2\repository\javax\servlet\jstl\1.2\jstl-1.2.jar;, java.specification.name=Java Platform API Specification, java.class.version=52.0, sun.management.compiler=HotSpot 64-Bit Tiered Compilers, os.version=10.0, user.home=C:\Users\megroup9gmail.com, user.timezone=Asia/Yekaterinburg, java.awt.printerjob=sun.awt.windows.WPrinterJob, file.encoding=Cp1251, java.specification.version=1.8, java.class.path=C:\Users\megroup9gmail.com\git\site-\telephone_system\target\test-classes;C:\Users\megroup9gmail.com\git\site-\telephone_system\target\classes;C:\Users\megroup9gmail.com\.m2\repository\org\springframework\boot\spring-boot-starter-security\1.5.7.RELEASE\spring-boot-starter-security-1.5.7.RELEASE.jar;C:\Users\megroup9gmail.com\.m2\repository\org\springframework\boot\spring-boot-starter\1.5.7.RELEASE\spring-boot-starter-1.5.7.RELEASE.jar;C:\Users\megroup9gmail.com\.m2\repository\org\springframework\boot\spring-boot-starter-logging\1.5.7.RELEASE\spring-boot-starter-logging-1.5.7.RELEASE.jar;C:\Users\megroup9gmail.com\.m2\repository\ch\qos\logback\logback-classic\1.1.11\logback-classic-1.1.11.jar;C:\Users\megroup9gmail.com\.m2\repository\ch\qos\logback\logback-core\1.1.11\logback-core-1.1.11.jar;C:\Users\megroup9gmail.com\.m2\repository\org\slf4j\jul-to-slf4j\1.7.25\jul-to-slf4j-1.7.25.jar;C:\Users\megroup9gmail.com\.m2\repository\org\slf4j\log4j-over-slf4j\1.7.25\log4j-over-slf4j-1.7.25.jar;C:\Users\megroup9gmail.com\.m2\repository\org\yaml\snakeyaml\1.17\snakeyaml-1.17.jar;C:\Users\megroup9gmail.com\.m2\repository\org\springframework\spring-aop\4.3.11.RELEASE\spring-aop-4.3.11.RELEASE.jar;C:\Users\megroup9gmail.com\.m2\repository\org\springframework\security\spring-security-config\4.2.3.RELEASE\spring-security-config-4.2.3.RELEASE.jar;C:\Users\megroup9gmail.com\.m2\repository\org\springframework\boot\spring-boot-starter-tomcat\1.5.7.RELEASE\spring-boot-starter-tomcat-1.5.7.RELEASE.jar;C:\Users\megroup9gmail.com\.m2\repository\org\apache\tomcat\embed\tomcat-embed-core\8.5.20\tomcat-embed-core-8.5.20.jar;C:\Users\megroup9gmail.com\.m2\repository\org\apache\tomcat\embed\tomcat-embed-el\8.5.20\tomcat-embed-el-8.5.20.jar;C:\Users\megroup9gmail.com\.m2\repository\org\apache\tomcat\embed\tomcat-embed-websocket\8.5.20\tomcat-embed-websocket-8.5.20.jar;C:\Users\megroup9gmail.com\.m2\repository\org\springframework\security\spring-security-web\4.2.3.RELEASE\spring-security-web-4.2.3.RELEASE.jar;C:\Users\megroup9gmail.com\.m2\repository\aopalliance\aopalliance\1.0\aopalliance-1.0.jar;C:\Users\megroup9gmail.com\.m2\repository\org\springframework\security\spring-security-core\4.2.3.RELEASE\spring-security-core-4.2.3.RELEASE.jar;C:\Users\megroup9gmail.com\.m2\repository\org\springframework\spring-beans\4.3.11.RELEASE\spring-beans-4.3.11.RELEASE.jar;C:\Users\megroup9gmail.com\.m2\repository\org\springframework\spring-context\4.3.11.RELEASE\spring-context-4.3.11.RELEASE.jar;C:\Users\megroup9gmail.com\.m2\repository\org\springframework\spring-core\4.3.11.RELEASE\spring-core-4.3.11.RELEASE.jar;C:\Users\megroup9gmail.com\.m2\repository\org\springframework\spring-expression\4.3.11.RELEASE\spring-expression-4.3.11.RELEASE.jar;C:\Users\megroup9gmail.com\.m2\repository\org\springframework\spring-web\4.3.11.RELEASE\spring-web-4.3.11.RELEASE.jar;C:\Users\megroup9gmail.com\.m2\repository\org\apache\poi\poi\3.7\poi-3.7.jar;C:\Users\megroup9gmail.com\.m2\repository\com\google\code\gson\gson\2.8.5\gson-2.8.5.jar;C:\Users\megroup9gmail.com\.m2\repository\org\springframework\boot\spring-boot-starter-thymeleaf\1.5.7.RELEASE\spring-boot-starter-thymeleaf-1.5.7.RELEASE.jar;C:\Users\megroup9gmail.com\.m2\repository\org\thymeleaf\thymeleaf-spring4\2.1.5.RELEASE\thymeleaf-spring4-2.1.5.RELEASE.jar;C:\Users\megroup9gmail.com\.m2\repository\org\thymeleaf\thymeleaf\2.1.5.RELEASE\thymeleaf-2.1.5.RELEASE.jar;C:\Users\megroup9gmail.com\.m2\repository\ognl\ognl\3.0.8\ognl-3.0.8.jar;C:\Users\megroup9gmail.com\.m2\repository\org\unbescape\unbescape\1.1.0.RELEASE\unbescape-1.1.0.RELEASE.jar;C:\Users\megroup9gmail.com\.m2\repository\org\slf4j\slf4j-api\1.7.25\slf4j-api-1.7.25.jar;C:\Users\megroup9gmail.com\.m2\repository\nz\net\ultraq\thymeleaf\thymeleaf-layout-dialect\1.4.0\thymeleaf-layout-dialect-1.4.0.jar;C:\Users\megroup9gmail.com\.m2\repository\org\codehaus\groovy\groovy\2.4.12\groovy-2.4.12.jar;C:\Users\megroup9gmail.com\.m2\repository\org\springframework\boot\spring-boot-devtools\1.5.7.RELEASE\spring-boot-devtools-1.5.7.RELEASE.jar;C:\Users\megroup9gmail.com\.m2\repository\org\springframework\boot\spring-boot\1.5.7.RELEASE\spring-boot-1.5.7.RELEASE.jar;C:\Users\megroup9gmail.com\.m2\repository\org\springframework\boot\spring-boot-autoconfigure\1.5.7.RELEASE\spring-boot-autoconfigure-1.5.7.RELEASE.jar;C:\Users\megroup9gmail.com\.m2\repository\org\springframework\boot\spring-boot-starter-test\1.5.7.RELEASE\spring-boot-starter-test-1.5.7.RELEASE.jar;C:\Users\megroup9gmail.com\.m2\repository\org\springframework\boot\spring-boot-test\1.5.7.RELEASE\spring-boot-test-1.5.7.RELEASE.jar;C:\Users\megroup9gmail.com\.m2\repository\org\springframework\boot\spring-boot-test-autoconfigure\1.5.7.RELEASE\spring-boot-test-autoconfigure-1.5.7.RELEASE.jar;C:\Users\megroup9gmail.com\.m2\repository\com\jayway\jsonpath\json-path\2.2.0\json-path-2.2.0.jar;C:\Users\megroup9gmail.com\.m2\repository\net\minidev\json-smart\2.2.1\json-smart-2.2.1.jar;C:\Users\megroup9gmail.com\.m2\repository\net\minidev\accessors-smart\1.1\accessors-smart-1.1.jar;C:\Users\megroup9gmail.com\.m2\repository\org\ow2\asm\asm\5.0.3\asm-5.0.3.jar;C:\Users\megroup9gmail.com\.m2\repository\junit\junit\4.12\junit-4.12.jar;C:\Users\megroup9gmail.com\.m2\repository\org\assertj\assertj-core\2.6.0\assertj-core-2.6.0.jar;C:\Users\megroup9gmail.com\.m2\repository\org\mockito\mockito-core\1.10.19\mockito-core-1.10.19.jar;C:\Users\megroup9gmail.com\.m2\repository\org\objenesis\objenesis\2.1\objenesis-2.1.jar;C:\Users\megroup9gmail.com\.m2\repository\org\hamcrest\hamcrest-core\1.3\hamcrest-core-1.3.jar;C:\Users\megroup9gmail.com\.m2\repository\org\hamcrest\hamcrest-library\1.3\hamcrest-library-1.3.jar;C:\Users\megroup9gmail.com\.m2\repository\org\skyscreamer\jsonassert\1.4.0\jsonassert-1.4.0.jar;C:\Users\megroup9gmail.com\.m2\repository\com\vaadin\external\google\android-json\0.0.20131108.vaadin1\android-json-0.0.20131108.vaadin1.jar;C:\Users\megroup9gmail.com\.m2\repository\org\springframework\spring-test\4.3.11.RELEASE\spring-test-4.3.11.RELEASE.jar;C:\Users\megroup9gmail.com\.m2\repository\org\springframework\boot\spring-boot-starter-web\1.5.7.RELEASE\spring-boot-starter-web-1.5.7.RELEASE.jar;C:\Users\megroup9gmail.com\.m2\repository\org\hibernate\hibernate-validator\5.3.5.Final\hibernate-validator-5.3.5.Final.jar;C:\Users\megroup9gmail.com\.m2\repository\javax\validation\validation-api\1.1.0.Final\validation-api-1.1.0.Final.jar;C:\Users\megroup9gmail.com\.m2\repository\org\jboss\logging\jboss-logging\3.3.1.Final\jboss-logging-3.3.1.Final.jar;C:\Users\megroup9gmail.com\.m2\repository\com\fasterxml\classmate\1.3.4\classmate-1.3.4.jar;C:\Users\megroup9gmail.com\.m2\repository\org\springframework\spring-webmvc\4.3.11.RELEASE\spring-webmvc-4.3.11.RELEASE.jar;C:\Users\megroup9gmail.com\.m2\repository\org\springframework\boot\spring-boot-starter-data-jpa\1.5.7.RELEASE\spring-boot-starter-data-jpa-1.5.7.RELEASE.jar;C:\Users\megroup9gmail.com\.m2\repository\org\springframework\boot\spring-boot-starter-aop\1.5.7.RELEASE\spring-boot-starter-aop-1.5.7.RELEASE.jar;C:\Users\megroup9gmail.com\.m2\repository\org\aspectj\aspectjweaver\1.8.10\aspectjweaver-1.8.10.jar;C:\Users\megroup9gmail.com\.m2\repository\org\springframework\boot\spring-boot-starter-jdbc\1.5.7.RELEASE\spring-boot-starter-jdbc-1.5.7.RELEASE.jar;C:\Users\megroup9gmail.com\.m2\repository\org\apache\tomcat\tomcat-jdbc\8.5.20\tomcat-jdbc-8.5.20.jar;C:\Users\megroup9gmail.com\.m2\repository\org\apache\tomcat\tomcat-juli\8.5.20\tomcat-juli-8.5.20.jar;C:\Users\megroup9gmail.com\.m2\repository\org\hibernate\hibernate-core\5.0.12.Final\hibernate-core-5.0.12.Final.jar;C:\Users\megroup9gmail.com\.m2\repository\org\hibernate\javax\persistence\hibernate-jpa-2.1-api\1.0.0.Final\hibernate-jpa-2.1-api-1.0.0.Final.jar;C:\Users\megroup9gmail.com\.m2\repository\org\javassist\javassist\3.21.0-GA\javassist-3.21.0-GA.jar;C:\Users\megroup9gmail.com\.m2\repository\antlr\antlr\2.7.7\antlr-2.7.7.jar;C:\Users\megroup9gmail.com\.m2\repository\org\jboss\jandex\2.0.0.Final\jandex-2.0.0.Final.jar;C:\Users\megroup9gmail.com\.m2\repository\dom4j\dom4j\1.6.1\dom4j-1.6.1.jar;C:\Users\megroup9gmail.com\.m2\repository\org\hibernate\common\hibernate-commons-annotations\5.0.1.Final\hibernate-commons-annotations-5.0.1.Final.jar;C:\Users\megroup9gmail.com\.m2\repository\org\hibernate\hibernate-entitymanager\5.0.12.Final\hibernate-entitymanager-5.0.12.Final.jar;C:\Users\megroup9gmail.com\.m2\repository\javax\transaction\javax.transaction-api\1.2\javax.transaction-api-1.2.jar;C:\Users\megroup9gmail.com\.m2\repository\org\springframework\data\spring-data-jpa\1.11.7.RELEASE\spring-data-jpa-1.11.7.RELEASE.jar;C:\Users\megroup9gmail.com\.m2\repository\org\springframework\data\spring-data-commons\1.13.7.RELEASE\spring-data-commons-1.13.7.RELEASE.jar;C:\Users\megroup9gmail.com\.m2\repository\org\springframework\spring-orm\4.3.11.RELEASE\spring-orm-4.3.11.RELEASE.jar;C:\Users\megroup9gmail.com\.m2\repository\org\slf4j\jcl-over-slf4j\1.7.25\jcl-over-slf4j-1.7.25.jar;C:\Users\megroup9gmail.com\.m2\repository\org\springframework\spring-aspects\4.3.11.RELEASE\spring-aspects-4.3.11.RELEASE.jar;C:\Users\megroup9gmail.com\.m2\repository\org\springframework\spring-jdbc\4.3.11.RELEASE\spring-jdbc-4.3.11.RELEASE.jar;C:\Users\megroup9gmail.com\.m2\repository\org\springframework\spring-tx\4.3.11.RELEASE\spring-tx-4.3.11.RELEASE.jar;C:\Users\megroup9gmail.com\.m2\repository\mysql\mysql-connector-java\5.1.6\mysql-connector-java-5.1.6.jar;C:\Users\megroup9gmail.com\.m2\repository\com\fasterxml\jackson\core\jackson-core\2.6.3\jackson-core-2.6.3.jar;C:\Users\megroup9gmail.com\.m2\repository\com\fasterxml\jackson\core\jackson-databind\2.6.3\jackson-databind-2.6.3.jar;C:\Users\megroup9gmail.com\.m2\repository\com\fasterxml\jackson\core\jackson-annotations\2.8.0\jackson-annotations-2.8.0.jar;C:\Users\megroup9gmail.com\.m2\repository\javax\servlet\jstl\1.2\jstl-1.2.jar;, user.name=megroup9gmail.com, java.vm.specification.version=1.8, sun.java.command=C:\Users\megroup9gmail.com\git\site-\telephone_system\target\surefire\surefirebooter7924075306269859470.jar C:\Users\megroup9gmail.com\git\site-\telephone_system\target\surefire\surefire4766108949419808585tmp C:\Users\megroup9gmail.com\git\site-\telephone_system\target\surefire\surefire_04006671644086795368tmp, java.home=C:\Program Files\Java\jre1.8.0_181, sun.arch.data.model=64, user.language=ru, java.specification.vendor=Oracle Corporation, awt.toolkit=sun.awt.windows.WToolkit, java.vm.info=mixed mode, java.version=1.8.0_181, java.ext.dirs=C:\Program Files\Java\jre1.8.0_181\lib\ext;C:\WINDOWS\Sun\Java\lib\ext, sun.boot.class.path=C:\Program Files\Java\jre1.8.0_181\lib\resources.jar;C:\Program Files\Java\jre1.8.0_181\lib\rt.jar;C:\Program Files\Java\jre1.8.0_181\lib\sunrsasign.jar;C:\Program Files\Java\jre1.8.0_181\lib\jsse.jar;C:\Program Files\Java\jre1.8.0_181\lib\jce.jar;C:\Program Files\Java\jre1.8.0_181\lib\charsets.jar;C:\Program Files\Java\jre1.8.0_181\lib\jfr.jar;C:\Program Files\Java\jre1.8.0_181\classes, java.vendor=Oracle Corporation, localRepository=C:\Users\megroup9gmail.com\.m2\repository, file.separator=\, java.vendor.url.bug=http://bugreport.sun.com/bugreport/, sun.io.unicode.encoding=UnicodeLittle, sun.cpu.endian=little, sun.desktop=windows, sun.cpu.isalist=amd64}}, SystemEnvironmentPropertySource@767010715 {name='systemEnvironment', properties={PATH=C:/Program Files/Java/jre1.8.0_181/bin/server;C:/Program Files/Java/jre1.8.0_181/bin;C:/Program Files/Java/jre1.8.0_181/lib/amd64;C:\Program Files (x86)\Common Files\Oracle\Java\javapath;C:\Program Files\NVIDIA GPU Computing Toolkit\CUDA\v9.0\bin;C:\Program Files\NVIDIA GPU Computing Toolkit\CUDA\v9.0\libnvvp;C:\Program Files\Microsoft MPI\Bin\;C:\ProgramData\Oracle\Java\javapath;C:\WINDOWS\system32;C:\WINDOWS;C:\WINDOWS\System32\Wbem;C:\WINDOWS\System32\WindowsPowerShell\v1.0\;C:\Users\admin\.dnx\bin;C:\Program Files\Microsoft DNX\Dnvm\;C:\Program Files\Microsoft SQL Server\120\Tools\Binn\;C:\Program Files\Microsoft SQL Server\130\Tools\Binn\;C:\Program Files\Microsoft\Web Platform Installer\;C:\Program Files (x86)\Microsoft ASP.NET\ASP.NET Web Pages\v1.0\;C:\Program Files\Microsoft SQL Server\110\Tools\Binn\;C:\Program Files (x86)\nodejs\;C:\Program Files (x86)\Microsoft SQL Server\130\Tools\Binn\;C:\Program Files (x86)\Microsoft SQL Server\130\DTS\Binn\;C:\Program Files\Microsoft SQL Server\130\DTS\Binn\;C:\Program Files\Microsoft SQL Server\Client SDK\ODBC\130\Tools\Binn\;C:\Program Files (x86)\Microsoft SQL Server\Client SDK\ODBC\130\Tools\Binn\;C:\Program Files (x86)\Microsoft SQL Server\130\Tools\Binn\ManagementStudio\;C:\Program Files (x86)\NVIDIA Corporation\PhysX\Common;C:\Program Files (x86)\Windows Kits\10\Windows Performance Toolkit\;C:\Program Files\dotnet\;C:\Program Files (x86)\GtkSharp\2.12\bin;C:\Program Files\MySQL\MySQL Utilities 1.6\;C:\WINDOWS\system32;C:\WINDOWS;C:\WINDOWS\System32\Wbem;C:\WINDOWS\System32\WindowsPowerShell\v1.0\;C:\WINDOWS\System32\OpenSSH\;C:\Program Files\Git\cmd;C:\Users\megroup9gmail.com\AppData\Roaming\npm;C:\Users\megroup9gmail.com\AppData\Local\Microsoft\WindowsApps;C:\Users\megroup9gmail.com\AppData\Local\GitHubDesktop\bin;C:\Users\megroup9gmail.com\Desktop\spring-tool-suite-3.9.5.RELEASE-e4.8.0-win32-x86_64\sts-bundle\sts-3.9.5.RELEASE;, USERDOMAIN_ROAMINGPROFILE=BLAD, PROCESSOR_LEVEL=6, SYSTEMDRIVE=C:, FP_NO_HOST_CHECK=NO, VS140COMNTOOLS=C:\Program Files (x86)\Microsoft Visual Studio 14.0\Common7\Tools\, SESSIONNAME=Console, ALLUSERSPROFILE=C:\ProgramData, PROCESSOR_ARCHITECTURE=AMD64, DRIVERDATA=C:\Windows\System32\Drivers\DriverData, PROGRAMFILES=C:\Program Files, PSMODULEPATH=C:\WINDOWS\system32\WindowsPowerShell\v1.0\Modules\;C:\Program Files (x86)\Microsoft SQL Server\130\Tools\PowerShell\Modules\, PROGRAMDATA=C:\ProgramData, USERNAME=megroup9gmail.com, ONEDRIVE=C:\Users\megroup9gmail.com\OneDrive, PATHEXT=.COM;.EXE;.BAT;.CMD;.VBS;.VBE;.JS;.JSE;.WSF;.WSH;.MSC, DXSDK_DIR=C:\Program Files (x86)\Microsoft DirectX SDK (June 2010)\, WINDIR=C:\WINDOWS, HOMEPATH=\Users\megroup9gmail.com, PROCESSOR_IDENTIFIER=Intel64 Family 6 Model 94 Stepping 3, GenuineIntel, PUBLIC=C:\Users\Public, =::=::\, VS150COMCOMNTOOLS=C:\Program Files (x86)\Microsoft Visual Studio\2017\Community\Common7\Tools\, LOCALAPPDATA=C:\Users\megroup9gmail.com\AppData\Local, MSMPI_BIN=C:\Program Files\Microsoft MPI\Bin\, COMMONPROGRAMFILES(X86)=C:\Program Files (x86)\Common Files, USERDOMAIN=BLAD, LOGONSERVER=\\BLAD, PROMPT=$P$G, PROGRAMFILES(X86)=C:\Program Files (x86), VS120COMNTOOLS=C:\Program Files (x86)\Microsoft Visual Studio 12.0\Common7\Tools\, =C:=C:\Users\megroup9gmail.com\git\site-\telephone_system, APPDATA=C:\Users\megroup9gmail.com\AppData\Roaming, PROGRAMW6432=C:\Program Files, GTK_BASEPATH=C:\Program Files (x86)\GtkSharp\2.12\, SYSTEMROOT=C:\WINDOWS, VBOX_MSI_INSTALL_PATH=C:\Program Files\Oracle\VirtualBox\, NVTOOLSEXT_PATH=C:\Program Files\NVIDIA Corporation\NvToolsExt\, OS=Windows_NT, COMMONPROGRAMW6432=C:\Program Files\Common Files, COMPUTERNAME=BLAD, COMMONPROGRAMFILES=C:\Program Files\Common Files, COMSPEC=C:\WINDOWS\system32\cmd.exe, NVCUDASAMPLES_ROOT=C:\ProgramData\NVIDIA Corporation\CUDA Samples\v9.0, CUDA_PATH=C:\Program Files\NVIDIA GPU Computing Toolkit\CUDA\v9.0, PROCESSOR_REVISION=5e03, NVCUDASAMPLES9_0_ROOT=C:\ProgramData\NVIDIA Corporation\CUDA Samples\v9.0, TEMP=C:\Users\MEGROU~1.COM\AppData\Local\Temp, HOMEDRIVE=C:, USERPROFILE=C:\Users\megroup9gmail.com, TMP=C:\Users\MEGROU~1.COM\AppData\Local\Temp, VS110COMNTOOLS=C:\Program Files (x86)\Microsoft Visual Studio 11.0\Common7\Tools\, CUDA_PATH_V9_0=C:\Program Files\NVIDIA GPU Computing Toolkit\CUDA\v9.0, MYSQLCONNECTOR_ASSEMBLIESPATH=C:\Program Files (x86)\MySQL\Connector.NET 6.9\Assemblies\v4.5, NUMBER_OF_PROCESSORS=4}}]
02:26:56.276 [main] DEBUG org.springframework.core.io.support.PathMatchingResourcePatternResolver - Resolved classpath location [hello/] to resources [URL [file:/C:/Users/megroup9gmail.com/git/site-/telephone_system/target/test-classes/hello/]]
02:26:56.278 [main] DEBUG org.springframework.core.io.support.PathMatchingResourcePatternResolver - Looking for matching resources in directory tree [C:\Users\megroup9gmail.com\git\site-\telephone_system\target\test-classes\hello]
02:26:56.278 [main] DEBUG org.springframework.core.io.support.PathMatchingResourcePatternResolver - Searching directory [C:\Users\megroup9gmail.com\git\site-\telephone_system\target\test-classes\hello] for files matching pattern [C:/Users/megroup9gmail.com/git/site-/telephone_system/target/test-classes/hello/*.class]
02:26:56.282 [main] DEBUG org.springframework.core.io.support.PathMatchingResourcePatternResolver - Resolved location pattern [classpath*:hello/*.class] to resources [file [C:\Users\megroup9gmail.com\git\site-\telephone_system\target\test-classes\hello\ApplicationTest.class]]
02:26:56.304 [main] DEBUG org.springframework.test.context.junit4.SpringJUnit4ClassRunner - SpringJUnit4ClassRunner constructor called with [class hello.ApplicationTest]
02:26:56.305 [main] DEBUG org.springframework.test.context.BootstrapUtils - Instantiating CacheAwareContextLoaderDelegate from class [org.springframework.test.context.cache.DefaultCacheAwareContextLoaderDelegate]
02:26:56.305 [main] DEBUG org.springframework.test.context.BootstrapUtils - Instantiating BootstrapContext using constructor [public org.springframework.test.context.support.DefaultBootstrapContext(java.lang.Class,org.springframework.test.context.CacheAwareContextLoaderDelegate)]
02:26:56.305 [main] DEBUG org.springframework.test.context.BootstrapUtils - Instantiating TestContextBootstrapper for test class [hello.ApplicationTest] from class [org.springframework.boot.test.context.SpringBootTestContextBootstrapper]
02:26:56.306 [main] INFO org.springframework.boot.test.context.SpringBootTestContextBootstrapper - Neither @ContextConfiguration nor @ContextHierarchy found for test class [hello.ApplicationTest], using SpringBootContextLoader
02:26:56.307 [main] DEBUG org.springframework.test.context.support.AbstractContextLoader - Did not detect default resource location for test class [hello.ApplicationTest]: class path resource [hello/ApplicationTest-context.xml] does not exist
02:26:56.307 [main] DEBUG org.springframework.test.context.support.AbstractContextLoader - Did not detect default resource location for test class [hello.ApplicationTest]: class path resource [hello/ApplicationTestContext.groovy] does not exist
02:26:56.307 [main] INFO org.springframework.test.context.support.AbstractContextLoader - Could not detect default resource locations for test class [hello.ApplicationTest]: no resource found for suffixes {-context.xml, Context.groovy}.
02:26:56.307 [main] INFO org.springframework.test.context.support.AnnotationConfigContextLoaderUtils - Could not detect default configuration classes for test class [hello.ApplicationTest]: ApplicationTest does not declare any static, non-private, non-final, nested classes annotated with @Configuration.
02:26:56.324 [main] DEBUG org.springframework.test.context.support.ActiveProfilesUtils - Could not find an 'annotation declaring class' for annotation type [org.springframework.test.context.ActiveProfiles] and class [hello.ApplicationTest]
02:26:56.324 [main] DEBUG org.springframework.core.env.StandardEnvironment - Adding PropertySource 'systemProperties' with lowest search precedence
02:26:56.325 [main] DEBUG org.springframework.core.env.StandardEnvironment - Adding PropertySource 'systemEnvironment' with lowest search precedence
02:26:56.325 [main] DEBUG org.springframework.core.env.StandardEnvironment - Initialized StandardEnvironment with PropertySources [MapPropertySource@1601292138 {name='systemProperties', properties={java.runtime.name=Java(TM) SE Runtime Environment, sun.boot.library.path=C:\Program Files\Java\jre1.8.0_181\bin, java.vm.version=25.181-b13, java.vm.vendor=Oracle Corporation, java.vendor.url=http://java.oracle.com/, path.separator=;, java.vm.name=Java HotSpot(TM) 64-Bit Server VM, file.encoding.pkg=sun.io, user.country=RU, user.script=, sun.java.launcher=SUN_STANDARD, sun.os.patch.level=, java.vm.specification.name=Java Virtual Machine Specification, user.dir=C:\Users\megroup9gmail.com\git\site-\telephone_system, java.runtime.version=1.8.0_181-b13, basedir=C:\Users\megroup9gmail.com\git\site-\telephone_system, java.awt.graphicsenv=sun.awt.Win32GraphicsEnvironment, java.endorsed.dirs=C:\Program Files\Java\jre1.8.0_181\lib\endorsed, os.arch=amd64, surefire.real.class.path=C:\Users\megroup9gmail.com\git\site-\telephone_system\target\surefire\surefirebooter7924075306269859470.jar, java.io.tmpdir=C:\Users\MEGROU~1.COM\AppData\Local\Temp\, line.separator=
, java.vm.specification.vendor=Oracle Corporation, user.variant=, os.name=Windows 10, sun.jnu.encoding=Cp1251, java.library.path=C:\Program Files\Java\jre1.8.0_181\bin;C:\WINDOWS\Sun\Java\bin;C:\WINDOWS\system32;C:\WINDOWS;C:/Program Files/Java/jre1.8.0_181/bin/server;C:/Program Files/Java/jre1.8.0_181/bin;C:/Program Files/Java/jre1.8.0_181/lib/amd64;C:\Program Files (x86)\Common Files\Oracle\Java\javapath;C:\Program Files\NVIDIA GPU Computing Toolkit\CUDA\v9.0\bin;C:\Program Files\NVIDIA GPU Computing Toolkit\CUDA\v9.0\libnvvp;C:\Program Files\Microsoft MPI\Bin\;C:\ProgramData\Oracle\Java\javapath;C:\WINDOWS\system32;C:\WINDOWS;C:\WINDOWS\System32\Wbem;C:\WINDOWS\System32\WindowsPowerShell\v1.0\;C:\Users\admin\.dnx\bin;C:\Program Files\Microsoft DNX\Dnvm\;C:\Program Files\Microsoft SQL Server\120\Tools\Binn\;C:\Program Files\Microsoft SQL Server\130\Tools\Binn\;C:\Program Files\Microsoft\Web Platform Installer\;C:\Program Files (x86)\Microsoft ASP.NET\ASP.NET Web Pages\v1.0\;C:\Program Files\Microsoft SQL Server\110\Tools\Binn\;C:\Program Files (x86)\nodejs\;C:\Program Files (x86)\Microsoft SQL Server\130\Tools\Binn\;C:\Program Files (x86)\Microsoft SQL Server\130\DTS\Binn\;C:\Program Files\Microsoft SQL Server\130\DTS\Binn\;C:\Program Files\Microsoft SQL Server\Client SDK\ODBC\130\Tools\Binn\;C:\Program Files (x86)\Microsoft SQL Server\Client SDK\ODBC\130\Tools\Binn\;C:\Program Files (x86)\Microsoft SQL Server\130\Tools\Binn\ManagementStudio\;C:\Program Files (x86)\NVIDIA Corporation\PhysX\Common;C:\Program Files (x86)\Windows Kits\10\Windows Performance Toolkit\;C:\Program Files\dotnet\;C:\Program Files (x86)\GtkSharp\2.12\bin;C:\Program Files\MySQL\MySQL Utilities 1.6\;C:\WINDOWS\system32;C:\WINDOWS;C:\WINDOWS\System32\Wbem;C:\WINDOWS\System32\WindowsPowerShell\v1.0\;C:\WINDOWS\System32\OpenSSH\;C:\Program Files\Git\cmd;C:\Users\megroup9gmail.com\AppData\Roaming\npm;C:\Users\megroup9gmail.com\AppData\Local\Microsoft\WindowsApps;C:\Users\megroup9gmail.com\AppData\Local\GitHubDesktop\bin;C:\Users\megroup9gmail.com\Desktop\spring-tool-suite-3.9.5.RELEASE-e4.8.0-win32-x86_64\sts-bundle\sts-3.9.5.RELEASE;;., surefire.test.class.path=C:\Users\megroup9gmail.com\git\site-\telephone_system\target\test-classes;C:\Users\megroup9gmail.com\git\site-\telephone_system\target\classes;C:\Users\megroup9gmail.com\.m2\repository\org\springframework\boot\spring-boot-starter-security\1.5.7.RELEASE\spring-boot-starter-security-1.5.7.RELEASE.jar;C:\Users\megroup9gmail.com\.m2\repository\org\springframework\boot\spring-boot-starter\1.5.7.RELEASE\spring-boot-starter-1.5.7.RELEASE.jar;C:\Users\megroup9gmail.com\.m2\repository\org\springframework\boot\spring-boot-starter-logging\1.5.7.RELEASE\spring-boot-starter-logging-1.5.7.RELEASE.jar;C:\Users\megroup9gmail.com\.m2\repository\ch\qos\logback\logback-classic\1.1.11\logback-classic-1.1.11.jar;C:\Users\megroup9gmail.com\.m2\repository\ch\qos\logback\logback-core\1.1.11\logback-core-1.1.11.jar;C:\Users\megroup9gmail.com\.m2\repository\org\slf4j\jul-to-slf4j\1.7.25\jul-to-slf4j-1.7.25.jar;C:\Users\megroup9gmail.com\.m2\repository\org\slf4j\log4j-over-slf4j\1.7.25\log4j-over-slf4j-1.7.25.jar;C:\Users\megroup9gmail.com\.m2\repository\org\yaml\snakeyaml\1.17\snakeyaml-1.17.jar;C:\Users\megroup9gmail.com\.m2\repository\org\springframework\spring-aop\4.3.11.RELEASE\spring-aop-4.3.11.RELEASE.jar;C:\Users\megroup9gmail.com\.m2\repository\org\springframework\security\spring-security-config\4.2.3.RELEASE\spring-security-config-4.2.3.RELEASE.jar;C:\Users\megroup9gmail.com\.m2\repository\org\springframework\boot\spring-boot-starter-tomcat\1.5.7.RELEASE\spring-boot-starter-tomcat-1.5.7.RELEASE.jar;C:\Users\megroup9gmail.com\.m2\repository\org\apache\tomcat\embed\tomcat-embed-core\8.5.20\tomcat-embed-core-8.5.20.jar;C:\Users\megroup9gmail.com\.m2\repository\org\apache\tomcat\embed\tomcat-embed-el\8.5.20\tomcat-embed-el-8.5.20.jar;C:\Users\megroup9gmail.com\.m2\repository\org\apache\tomcat\embed\tomcat-embed-websocket\8.5.20\tomcat-embed-websocket-8.5.20.jar;C:\Users\megroup9gmail.com\.m2\repository\org\springframework\security\spring-security-web\4.2.3.RELEASE\spring-security-web-4.2.3.RELEASE.jar;C:\Users\megroup9gmail.com\.m2\repository\aopalliance\aopalliance\1.0\aopalliance-1.0.jar;C:\Users\megroup9gmail.com\.m2\repository\org\springframework\security\spring-security-core\4.2.3.RELEASE\spring-security-core-4.2.3.RELEASE.jar;C:\Users\megroup9gmail.com\.m2\repository\org\springframework\spring-beans\4.3.11.RELEASE\spring-beans-4.3.11.RELEASE.jar;C:\Users\megroup9gmail.com\.m2\repository\org\springframework\spring-context\4.3.11.RELEASE\spring-context-4.3.11.RELEASE.jar;C:\Users\megroup9gmail.com\.m2\repository\org\springframework\spring-core\4.3.11.RELEASE\spring-core-4.3.11.RELEASE.jar;C:\Users\megroup9gmail.com\.m2\repository\org\springframework\spring-expression\4.3.11.RELEASE\spring-expression-4.3.11.RELEASE.jar;C:\Users\megroup9gmail.com\.m2\repository\org\springframework\spring-web\4.3.11.RELEASE\spring-web-4.3.11.RELEASE.jar;C:\Users\megroup9gmail.com\.m2\repository\org\apache\poi\poi\3.7\poi-3.7.jar;C:\Users\megroup9gmail.com\.m2\repository\com\google\code\gson\gson\2.8.5\gson-2.8.5.jar;C:\Users\megroup9gmail.com\.m2\repository\org\springframework\boot\spring-boot-starter-thymeleaf\1.5.7.RELEASE\spring-boot-starter-thymeleaf-1.5.7.RELEASE.jar;C:\Users\megroup9gmail.com\.m2\repository\org\thymeleaf\thymeleaf-spring4\2.1.5.RELEASE\thymeleaf-spring4-2.1.5.RELEASE.jar;C:\Users\megroup9gmail.com\.m2\repository\org\thymeleaf\thymeleaf\2.1.5.RELEASE\thymeleaf-2.1.5.RELEASE.jar;C:\Users\megroup9gmail.com\.m2\repository\ognl\ognl\3.0.8\ognl-3.0.8.jar;C:\Users\megroup9gmail.com\.m2\repository\org\unbescape\unbescape\1.1.0.RELEASE\unbescape-1.1.0.RELEASE.jar;C:\Users\megroup9gmail.com\.m2\repository\org\slf4j\slf4j-api\1.7.25\slf4j-api-1.7.25.jar;C:\Users\megroup9gmail.com\.m2\repository\nz\net\ultraq\thymeleaf\thymeleaf-layout-dialect\1.4.0\thymeleaf-layout-dialect-1.4.0.jar;C:\Users\megroup9gmail.com\.m2\repository\org\codehaus\groovy\groovy\2.4.12\groovy-2.4.12.jar;C:\Users\megroup9gmail.com\.m2\repository\org\springframework\boot\spring-boot-devtools\1.5.7.RELEASE\spring-boot-devtools-1.5.7.RELEASE.jar;C:\Users\megroup9gmail.com\.m2\repository\org\springframework\boot\spring-boot\1.5.7.RELEASE\spring-boot-1.5.7.RELEASE.jar;C:\Users\megroup9gmail.com\.m2\repository\org\springframework\boot\spring-boot-autoconfigure\1.5.7.RELEASE\spring-boot-autoconfigure-1.5.7.RELEASE.jar;C:\Users\megroup9gmail.com\.m2\repository\org\springframework\boot\spring-boot-starter-test\1.5.7.RELEASE\spring-boot-starter-test-1.5.7.RELEASE.jar;C:\Users\megroup9gmail.com\.m2\repository\org\springframework\boot\spring-boot-test\1.5.7.RELEASE\spring-boot-test-1.5.7.RELEASE.jar;C:\Users\megroup9gmail.com\.m2\repository\org\springframework\boot\spring-boot-test-autoconfigure\1.5.7.RELEASE\spring-boot-test-autoconfigure-1.5.7.RELEASE.jar;C:\Users\megroup9gmail.com\.m2\repository\com\jayway\jsonpath\json-path\2.2.0\json-path-2.2.0.jar;C:\Users\megroup9gmail.com\.m2\repository\net\minidev\json-smart\2.2.1\json-smart-2.2.1.jar;C:\Users\megroup9gmail.com\.m2\repository\net\minidev\accessors-smart\1.1\accessors-smart-1.1.jar;C:\Users\megroup9gmail.com\.m2\repository\org\ow2\asm\asm\5.0.3\asm-5.0.3.jar;C:\Users\megroup9gmail.com\.m2\repository\junit\junit\4.12\junit-4.12.jar;C:\Users\megroup9gmail.com\.m2\repository\org\assertj\assertj-core\2.6.0\assertj-core-2.6.0.jar;C:\Users\megroup9gmail.com\.m2\repository\org\mockito\mockito-core\1.10.19\mockito-core-1.10.19.jar;C:\Users\megroup9gmail.com\.m2\repository\org\objenesis\objenesis\2.1\objenesis-2.1.jar;C:\Users\megroup9gmail.com\.m2\repository\org\hamcrest\hamcrest-core\1.3\hamcrest-core-1.3.jar;C:\Users\megroup9gmail.com\.m2\repository\org\hamcrest\hamcrest-library\1.3\hamcrest-library-1.3.jar;C:\Users\megroup9gmail.com\.m2\repository\org\skyscreamer\jsonassert\1.4.0\jsonassert-1.4.0.jar;C:\Users\megroup9gmail.com\.m2\repository\com\vaadin\external\google\android-json\0.0.20131108.vaadin1\android-json-0.0.20131108.vaadin1.jar;C:\Users\megroup9gmail.com\.m2\repository\org\springframework\spring-test\4.3.11.RELEASE\spring-test-4.3.11.RELEASE.jar;C:\Users\megroup9gmail.com\.m2\repository\org\springframework\boot\spring-boot-starter-web\1.5.7.RELEASE\spring-boot-starter-web-1.5.7.RELEASE.jar;C:\Users\megroup9gmail.com\.m2\repository\org\hibernate\hibernate-validator\5.3.5.Final\hibernate-validator-5.3.5.Final.jar;C:\Users\megroup9gmail.com\.m2\repository\javax\validation\validation-api\1.1.0.Final\validation-api-1.1.0.Final.jar;C:\Users\megroup9gmail.com\.m2\repository\org\jboss\logging\jboss-logging\3.3.1.Final\jboss-logging-3.3.1.Final.jar;C:\Users\megroup9gmail.com\.m2\repository\com\fasterxml\classmate\1.3.4\classmate-1.3.4.jar;C:\Users\megroup9gmail.com\.m2\repository\org\springframework\spring-webmvc\4.3.11.RELEASE\spring-webmvc-4.3.11.RELEASE.jar;C:\Users\megroup9gmail.com\.m2\repository\org\springframework\boot\spring-boot-starter-data-jpa\1.5.7.RELEASE\spring-boot-starter-data-jpa-1.5.7.RELEASE.jar;C:\Users\megroup9gmail.com\.m2\repository\org\springframework\boot\spring-boot-starter-aop\1.5.7.RELEASE\spring-boot-starter-aop-1.5.7.RELEASE.jar;C:\Users\megroup9gmail.com\.m2\repository\org\aspectj\aspectjweaver\1.8.10\aspectjweaver-1.8.10.jar;C:\Users\megroup9gmail.com\.m2\repository\org\springframework\boot\spring-boot-starter-jdbc\1.5.7.RELEASE\spring-boot-starter-jdbc-1.5.7.RELEASE.jar;C:\Users\megroup9gmail.com\.m2\repository\org\apache\tomcat\tomcat-jdbc\8.5.20\tomcat-jdbc-8.5.20.jar;C:\Users\megroup9gmail.com\.m2\repository\org\apache\tomcat\tomcat-juli\8.5.20\tomcat-juli-8.5.20.jar;C:\Users\megroup9gmail.com\.m2\repository\org\hibernate\hibernate-core\5.0.12.Final\hibernate-core-5.0.12.Final.jar;C:\Users\megroup9gmail.com\.m2\repository\org\hibernate\javax\persistence\hibernate-jpa-2.1-api\1.0.0.Final\hibernate-jpa-2.1-api-1.0.0.Final.jar;C:\Users\megroup9gmail.com\.m2\repository\org\javassist\javassist\3.21.0-GA\javassist-3.21.0-GA.jar;C:\Users\megroup9gmail.com\.m2\repository\antlr\antlr\2.7.7\antlr-2.7.7.jar;C:\Users\megroup9gmail.com\.m2\repository\org\jboss\jandex\2.0.0.Final\jandex-2.0.0.Final.jar;C:\Users\megroup9gmail.com\.m2\repository\dom4j\dom4j\1.6.1\dom4j-1.6.1.jar;C:\Users\megroup9gmail.com\.m2\repository\org\hibernate\common\hibernate-commons-annotations\5.0.1.Final\hibernate-commons-annotations-5.0.1.Final.jar;C:\Users\megroup9gmail.com\.m2\repository\org\hibernate\hibernate-entitymanager\5.0.12.Final\hibernate-entitymanager-5.0.12.Final.jar;C:\Users\megroup9gmail.com\.m2\repository\javax\transaction\javax.transaction-api\1.2\javax.transaction-api-1.2.jar;C:\Users\megroup9gmail.com\.m2\repository\org\springframework\data\spring-data-jpa\1.11.7.RELEASE\spring-data-jpa-1.11.7.RELEASE.jar;C:\Users\megroup9gmail.com\.m2\repository\org\springframework\data\spring-data-commons\1.13.7.RELEASE\spring-data-commons-1.13.7.RELEASE.jar;C:\Users\megroup9gmail.com\.m2\repository\org\springframework\spring-orm\4.3.11.RELEASE\spring-orm-4.3.11.RELEASE.jar;C:\Users\megroup9gmail.com\.m2\repository\org\slf4j\jcl-over-slf4j\1.7.25\jcl-over-slf4j-1.7.25.jar;C:\Users\megroup9gmail.com\.m2\repository\org\springframework\spring-aspects\4.3.11.RELEASE\spring-aspects-4.3.11.RELEASE.jar;C:\Users\megroup9gmail.com\.m2\repository\org\springframework\spring-jdbc\4.3.11.RELEASE\spring-jdbc-4.3.11.RELEASE.jar;C:\Users\megroup9gmail.com\.m2\repository\org\springframework\spring-tx\4.3.11.RELEASE\spring-tx-4.3.11.RELEASE.jar;C:\Users\megroup9gmail.com\.m2\repository\mysql\mysql-connector-java\5.1.6\mysql-connector-java-5.1.6.jar;C:\Users\megroup9gmail.com\.m2\repository\com\fasterxml\jackson\core\jackson-core\2.6.3\jackson-core-2.6.3.jar;C:\Users\megroup9gmail.com\.m2\repository\com\fasterxml\jackson\core\jackson-databind\2.6.3\jackson-databind-2.6.3.jar;C:\Users\megroup9gmail.com\.m2\repository\com\fasterxml\jackson\core\jackson-annotations\2.8.0\jackson-annotations-2.8.0.jar;C:\Users\megroup9gmail.com\.m2\repository\javax\servlet\jstl\1.2\jstl-1.2.jar;, java.specification.name=Java Platform API Specification, java.class.version=52.0, sun.management.compiler=HotSpot 64-Bit Tiered Compilers, os.version=10.0, user.home=C:\Users\megroup9gmail.com, user.timezone=Asia/Yekaterinburg, java.awt.printerjob=sun.awt.windows.WPrinterJob, file.encoding=Cp1251, java.specification.version=1.8, java.class.path=C:\Users\megroup9gmail.com\git\site-\telephone_system\target\test-classes;C:\Users\megroup9gmail.com\git\site-\telephone_system\target\classes;C:\Users\megroup9gmail.com\.m2\repository\org\springframework\boot\spring-boot-starter-security\1.5.7.RELEASE\spring-boot-starter-security-1.5.7.RELEASE.jar;C:\Users\megroup9gmail.com\.m2\repository\org\springframework\boot\spring-boot-starter\1.5.7.RELEASE\spring-boot-starter-1.5.7.RELEASE.jar;C:\Users\megroup9gmail.com\.m2\repository\org\springframework\boot\spring-boot-starter-logging\1.5.7.RELEASE\spring-boot-starter-logging-1.5.7.RELEASE.jar;C:\Users\megroup9gmail.com\.m2\repository\ch\qos\logback\logback-classic\1.1.11\logback-classic-1.1.11.jar;C:\Users\megroup9gmail.com\.m2\repository\ch\qos\logback\logback-core\1.1.11\logback-core-1.1.11.jar;C:\Users\megroup9gmail.com\.m2\repository\org\slf4j\jul-to-slf4j\1.7.25\jul-to-slf4j-1.7.25.jar;C:\Users\megroup9gmail.com\.m2\repository\org\slf4j\log4j-over-slf4j\1.7.25\log4j-over-slf4j-1.7.25.jar;C:\Users\megroup9gmail.com\.m2\repository\org\yaml\snakeyaml\1.17\snakeyaml-1.17.jar;C:\Users\megroup9gmail.com\.m2\repository\org\springframework\spring-aop\4.3.11.RELEASE\spring-aop-4.3.11.RELEASE.jar;C:\Users\megroup9gmail.com\.m2\repository\org\springframework\security\spring-security-config\4.2.3.RELEASE\spring-security-config-4.2.3.RELEASE.jar;C:\Users\megroup9gmail.com\.m2\repository\org\springframework\boot\spring-boot-starter-tomcat\1.5.7.RELEASE\spring-boot-starter-tomcat-1.5.7.RELEASE.jar;C:\Users\megroup9gmail.com\.m2\repository\org\apache\tomcat\embed\tomcat-embed-core\8.5.20\tomcat-embed-core-8.5.20.jar;C:\Users\megroup9gmail.com\.m2\repository\org\apache\tomcat\embed\tomcat-embed-el\8.5.20\tomcat-embed-el-8.5.20.jar;C:\Users\megroup9gmail.com\.m2\repository\org\apache\tomcat\embed\tomcat-embed-websocket\8.5.20\tomcat-embed-websocket-8.5.20.jar;C:\Users\megroup9gmail.com\.m2\repository\org\springframework\security\spring-security-web\4.2.3.RELEASE\spring-security-web-4.2.3.RELEASE.jar;C:\Users\megroup9gmail.com\.m2\repository\aopalliance\aopalliance\1.0\aopalliance-1.0.jar;C:\Users\megroup9gmail.com\.m2\repository\org\springframework\security\spring-security-core\4.2.3.RELEASE\spring-security-core-4.2.3.RELEASE.jar;C:\Users\megroup9gmail.com\.m2\repository\org\springframework\spring-beans\4.3.11.RELEASE\spring-beans-4.3.11.RELEASE.jar;C:\Users\megroup9gmail.com\.m2\repository\org\springframework\spring-context\4.3.11.RELEASE\spring-context-4.3.11.RELEASE.jar;C:\Users\megroup9gmail.com\.m2\repository\org\springframework\spring-core\4.3.11.RELEASE\spring-core-4.3.11.RELEASE.jar;C:\Users\megroup9gmail.com\.m2\repository\org\springframework\spring-expression\4.3.11.RELEASE\spring-expression-4.3.11.RELEASE.jar;C:\Users\megroup9gmail.com\.m2\repository\org\springframework\spring-web\4.3.11.RELEASE\spring-web-4.3.11.RELEASE.jar;C:\Users\megroup9gmail.com\.m2\repository\org\apache\poi\poi\3.7\poi-3.7.jar;C:\Users\megroup9gmail.com\.m2\repository\com\google\code\gson\gson\2.8.5\gson-2.8.5.jar;C:\Users\megroup9gmail.com\.m2\repository\org\springframework\boot\spring-boot-starter-thymeleaf\1.5.7.RELEASE\spring-boot-starter-thymeleaf-1.5.7.RELEASE.jar;C:\Users\megroup9gmail.com\.m2\repository\org\thymeleaf\thymeleaf-spring4\2.1.5.RELEASE\thymeleaf-spring4-2.1.5.RELEASE.jar;C:\Users\megroup9gmail.com\.m2\repository\org\thymeleaf\thymeleaf\2.1.5.RELEASE\thymeleaf-2.1.5.RELEASE.jar;C:\Users\megroup9gmail.com\.m2\repository\ognl\ognl\3.0.8\ognl-3.0.8.jar;C:\Users\megroup9gmail.com\.m2\repository\org\unbescape\unbescape\1.1.0.RELEASE\unbescape-1.1.0.RELEASE.jar;C:\Users\megroup9gmail.com\.m2\repository\org\slf4j\slf4j-api\1.7.25\slf4j-api-1.7.25.jar;C:\Users\megroup9gmail.com\.m2\repository\nz\net\ultraq\thymeleaf\thymeleaf-layout-dialect\1.4.0\thymeleaf-layout-dialect-1.4.0.jar;C:\Users\megroup9gmail.com\.m2\repository\org\codehaus\groovy\groovy\2.4.12\groovy-2.4.12.jar;C:\Users\megroup9gmail.com\.m2\repository\org\springframework\boot\spring-boot-devtools\1.5.7.RELEASE\spring-boot-devtools-1.5.7.RELEASE.jar;C:\Users\megroup9gmail.com\.m2\repository\org\springframework\boot\spring-boot\1.5.7.RELEASE\spring-boot-1.5.7.RELEASE.jar;C:\Users\megroup9gmail.com\.m2\repository\org\springframework\boot\spring-boot-autoconfigure\1.5.7.RELEASE\spring-boot-autoconfigure-1.5.7.RELEASE.jar;C:\Users\megroup9gmail.com\.m2\repository\org\springframework\boot\spring-boot-starter-test\1.5.7.RELEASE\spring-boot-starter-test-1.5.7.RELEASE.jar;C:\Users\megroup9gmail.com\.m2\repository\org\springframework\boot\spring-boot-test\1.5.7.RELEASE\spring-boot-test-1.5.7.RELEASE.jar;C:\Users\megroup9gmail.com\.m2\repository\org\springframework\boot\spring-boot-test-autoconfigure\1.5.7.RELEASE\spring-boot-test-autoconfigure-1.5.7.RELEASE.jar;C:\Users\megroup9gmail.com\.m2\repository\com\jayway\jsonpath\json-path\2.2.0\json-path-2.2.0.jar;C:\Users\megroup9gmail.com\.m2\repository\net\minidev\json-smart\2.2.1\json-smart-2.2.1.jar;C:\Users\megroup9gmail.com\.m2\repository\net\minidev\accessors-smart\1.1\accessors-smart-1.1.jar;C:\Users\megroup9gmail.com\.m2\repository\org\ow2\asm\asm\5.0.3\asm-5.0.3.jar;C:\Users\megroup9gmail.com\.m2\repository\junit\junit\4.12\junit-4.12.jar;C:\Users\megroup9gmail.com\.m2\repository\org\assertj\assertj-core\2.6.0\assertj-core-2.6.0.jar;C:\Users\megroup9gmail.com\.m2\repository\org\mockito\mockito-core\1.10.19\mockito-core-1.10.19.jar;C:\Users\megroup9gmail.com\.m2\repository\org\objenesis\objenesis\2.1\objenesis-2.1.jar;C:\Users\megroup9gmail.com\.m2\repository\org\hamcrest\hamcrest-core\1.3\hamcrest-core-1.3.jar;C:\Users\megroup9gmail.com\.m2\repository\org\hamcrest\hamcrest-library\1.3\hamcrest-library-1.3.jar;C:\Users\megroup9gmail.com\.m2\repository\org\skyscreamer\jsonassert\1.4.0\jsonassert-1.4.0.jar;C:\Users\megroup9gmail.com\.m2\repository\com\vaadin\external\google\android-json\0.0.20131108.vaadin1\android-json-0.0.20131108.vaadin1.jar;C:\Users\megroup9gmail.com\.m2\repository\org\springframework\spring-test\4.3.11.RELEASE\spring-test-4.3.11.RELEASE.jar;C:\Users\megroup9gmail.com\.m2\repository\org\springframework\boot\spring-boot-starter-web\1.5.7.RELEASE\spring-boot-starter-web-1.5.7.RELEASE.jar;C:\Users\megroup9gmail.com\.m2\repository\org\hibernate\hibernate-validator\5.3.5.Final\hibernate-validator-5.3.5.Final.jar;C:\Users\megroup9gmail.com\.m2\repository\javax\validation\validation-api\1.1.0.Final\validation-api-1.1.0.Final.jar;C:\Users\megroup9gmail.com\.m2\repository\org\jboss\logging\jboss-logging\3.3.1.Final\jboss-logging-3.3.1.Final.jar;C:\Users\megroup9gmail.com\.m2\repository\com\fasterxml\classmate\1.3.4\classmate-1.3.4.jar;C:\Users\megroup9gmail.com\.m2\repository\org\springframework\spring-webmvc\4.3.11.RELEASE\spring-webmvc-4.3.11.RELEASE.jar;C:\Users\megroup9gmail.com\.m2\repository\org\springframework\boot\spring-boot-starter-data-jpa\1.5.7.RELEASE\spring-boot-starter-data-jpa-1.5.7.RELEASE.jar;C:\Users\megroup9gmail.com\.m2\repository\org\springframework\boot\spring-boot-starter-aop\1.5.7.RELEASE\spring-boot-starter-aop-1.5.7.RELEASE.jar;C:\Users\megroup9gmail.com\.m2\repository\org\aspectj\aspectjweaver\1.8.10\aspectjweaver-1.8.10.jar;C:\Users\megroup9gmail.com\.m2\repository\org\springframework\boot\spring-boot-starter-jdbc\1.5.7.RELEASE\spring-boot-starter-jdbc-1.5.7.RELEASE.jar;C:\Users\megroup9gmail.com\.m2\repository\org\apache\tomcat\tomcat-jdbc\8.5.20\tomcat-jdbc-8.5.20.jar;C:\Users\megroup9gmail.com\.m2\repository\org\apache\tomcat\tomcat-juli\8.5.20\tomcat-juli-8.5.20.jar;C:\Users\megroup9gmail.com\.m2\repository\org\hibernate\hibernate-core\5.0.12.Final\hibernate-core-5.0.12.Final.jar;C:\Users\megroup9gmail.com\.m2\repository\org\hibernate\javax\persistence\hibernate-jpa-2.1-api\1.0.0.Final\hibernate-jpa-2.1-api-1.0.0.Final.jar;C:\Users\megroup9gmail.com\.m2\repository\org\javassist\javassist\3.21.0-GA\javassist-3.21.0-GA.jar;C:\Users\megroup9gmail.com\.m2\repository\antlr\antlr\2.7.7\antlr-2.7.7.jar;C:\Users\megroup9gmail.com\.m2\repository\org\jboss\jandex\2.0.0.Final\jandex-2.0.0.Final.jar;C:\Users\megroup9gmail.com\.m2\repository\dom4j\dom4j\1.6.1\dom4j-1.6.1.jar;C:\Users\megroup9gmail.com\.m2\repository\org\hibernate\common\hibernate-commons-annotations\5.0.1.Final\hibernate-commons-annotations-5.0.1.Final.jar;C:\Users\megroup9gmail.com\.m2\repository\org\hibernate\hibernate-entitymanager\5.0.12.Final\hibernate-entitymanager-5.0.12.Final.jar;C:\Users\megroup9gmail.com\.m2\repository\javax\transaction\javax.transaction-api\1.2\javax.transaction-api-1.2.jar;C:\Users\megroup9gmail.com\.m2\repository\org\springframework\data\spring-data-jpa\1.11.7.RELEASE\spring-data-jpa-1.11.7.RELEASE.jar;C:\Users\megroup9gmail.com\.m2\repository\org\springframework\data\spring-data-commons\1.13.7.RELEASE\spring-data-commons-1.13.7.RELEASE.jar;C:\Users\megroup9gmail.com\.m2\repository\org\springframework\spring-orm\4.3.11.RELEASE\spring-orm-4.3.11.RELEASE.jar;C:\Users\megroup9gmail.com\.m2\repository\org\slf4j\jcl-over-slf4j\1.7.25\jcl-over-slf4j-1.7.25.jar;C:\Users\megroup9gmail.com\.m2\repository\org\springframework\spring-aspects\4.3.11.RELEASE\spring-aspects-4.3.11.RELEASE.jar;C:\Users\megroup9gmail.com\.m2\repository\org\springframework\spring-jdbc\4.3.11.RELEASE\spring-jdbc-4.3.11.RELEASE.jar;C:\Users\megroup9gmail.com\.m2\repository\org\springframework\spring-tx\4.3.11.RELEASE\spring-tx-4.3.11.RELEASE.jar;C:\Users\megroup9gmail.com\.m2\repository\mysql\mysql-connector-java\5.1.6\mysql-connector-java-5.1.6.jar;C:\Users\megroup9gmail.com\.m2\repository\com\fasterxml\jackson\core\jackson-core\2.6.3\jackson-core-2.6.3.jar;C:\Users\megroup9gmail.com\.m2\repository\com\fasterxml\jackson\core\jackson-databind\2.6.3\jackson-databind-2.6.3.jar;C:\Users\megroup9gmail.com\.m2\repository\com\fasterxml\jackson\core\jackson-annotations\2.8.0\jackson-annotations-2.8.0.jar;C:\Users\megroup9gmail.com\.m2\repository\javax\servlet\jstl\1.2\jstl-1.2.jar;, user.name=megroup9gmail.com, java.vm.specification.version=1.8, sun.java.command=C:\Users\megroup9gmail.com\git\site-\telephone_system\target\surefire\surefirebooter7924075306269859470.jar C:\Users\megroup9gmail.com\git\site-\telephone_system\target\surefire\surefire4766108949419808585tmp C:\Users\megroup9gmail.com\git\site-\telephone_system\target\surefire\surefire_04006671644086795368tmp, java.home=C:\Program Files\Java\jre1.8.0_181, sun.arch.data.model=64, user.language=ru, java.specification.vendor=Oracle Corporation, awt.toolkit=sun.awt.windows.WToolkit, java.vm.info=mixed mode, java.version=1.8.0_181, java.ext.dirs=C:\Program Files\Java\jre1.8.0_181\lib\ext;C:\WINDOWS\Sun\Java\lib\ext, sun.boot.class.path=C:\Program Files\Java\jre1.8.0_181\lib\resources.jar;C:\Program Files\Java\jre1.8.0_181\lib\rt.jar;C:\Program Files\Java\jre1.8.0_181\lib\sunrsasign.jar;C:\Program Files\Java\jre1.8.0_181\lib\jsse.jar;C:\Program Files\Java\jre1.8.0_181\lib\jce.jar;C:\Program Files\Java\jre1.8.0_181\lib\charsets.jar;C:\Program Files\Java\jre1.8.0_181\lib\jfr.jar;C:\Program Files\Java\jre1.8.0_181\classes, java.vendor=Oracle Corporation, localRepository=C:\Users\megroup9gmail.com\.m2\repository, file.separator=\, java.vendor.url.bug=http://bugreport.sun.com/bugreport/, sun.io.unicode.encoding=UnicodeLittle, sun.cpu.endian=little, sun.desktop=windows, sun.cpu.isalist=amd64}}, SystemEnvironmentPropertySource@494586676 {name='systemEnvironment', properties={PATH=C:/Program Files/Java/jre1.8.0_181/bin/server;C:/Program Files/Java/jre1.8.0_181/bin;C:/Program Files/Java/jre1.8.0_181/lib/amd64;C:\Program Files (x86)\Common Files\Oracle\Java\javapath;C:\Program Files\NVIDIA GPU Computing Toolkit\CUDA\v9.0\bin;C:\Program Files\NVIDIA GPU Computing Toolkit\CUDA\v9.0\libnvvp;C:\Program Files\Microsoft MPI\Bin\;C:\ProgramData\Oracle\Java\javapath;C:\WINDOWS\system32;C:\WINDOWS;C:\WINDOWS\System32\Wbem;C:\WINDOWS\System32\WindowsPowerShell\v1.0\;C:\Users\admin\.dnx\bin;C:\Program Files\Microsoft DNX\Dnvm\;C:\Program Files\Microsoft SQL Server\120\Tools\Binn\;C:\Program Files\Microsoft SQL Server\130\Tools\Binn\;C:\Program Files\Microsoft\Web Platform Installer\;C:\Program Files (x86)\Microsoft ASP.NET\ASP.NET Web Pages\v1.0\;C:\Program Files\Microsoft SQL Server\110\Tools\Binn\;C:\Program Files (x86)\nodejs\;C:\Program Files (x86)\Microsoft SQL Server\130\Tools\Binn\;C:\Program Files (x86)\Microsoft SQL Server\130\DTS\Binn\;C:\Program Files\Microsoft SQL Server\130\DTS\Binn\;C:\Program Files\Microsoft SQL Server\Client SDK\ODBC\130\Tools\Binn\;C:\Program Files (x86)\Microsoft SQL Server\Client SDK\ODBC\130\Tools\Binn\;C:\Program Files (x86)\Microsoft SQL Server\130\Tools\Binn\ManagementStudio\;C:\Program Files (x86)\NVIDIA Corporation\PhysX\Common;C:\Program Files (x86)\Windows Kits\10\Windows Performance Toolkit\;C:\Program Files\dotnet\;C:\Program Files (x86)\GtkSharp\2.12\bin;C:\Program Files\MySQL\MySQL Utilities 1.6\;C:\WINDOWS\system32;C:\WINDOWS;C:\WINDOWS\System32\Wbem;C:\WINDOWS\System32\WindowsPowerShell\v1.0\;C:\WINDOWS\System32\OpenSSH\;C:\Program Files\Git\cmd;C:\Users\megroup9gmail.com\AppData\Roaming\npm;C:\Users\megroup9gmail.com\AppData\Local\Microsoft\WindowsApps;C:\Users\megroup9gmail.com\AppData\Local\GitHubDesktop\bin;C:\Users\megroup9gmail.com\Desktop\spring-tool-suite-3.9.5.RELEASE-e4.8.0-win32-x86_64\sts-bundle\sts-3.9.5.RELEASE;, USERDOMAIN_ROAMINGPROFILE=BLAD, PROCESSOR_LEVEL=6, SYSTEMDRIVE=C:, FP_NO_HOST_CHECK=NO, VS140COMNTOOLS=C:\Program Files (x86)\Microsoft Visual Studio 14.0\Common7\Tools\, SESSIONNAME=Console, ALLUSERSPROFILE=C:\ProgramData, PROCESSOR_ARCHITECTURE=AMD64, DRIVERDATA=C:\Windows\System32\Drivers\DriverData, PROGRAMFILES=C:\Program Files, PSMODULEPATH=C:\WINDOWS\system32\WindowsPowerShell\v1.0\Modules\;C:\Program Files (x86)\Microsoft SQL Server\130\Tools\PowerShell\Modules\, PROGRAMDATA=C:\ProgramData, USERNAME=megroup9gmail.com, ONEDRIVE=C:\Users\megroup9gmail.com\OneDrive, PATHEXT=.COM;.EXE;.BAT;.CMD;.VBS;.VBE;.JS;.JSE;.WSF;.WSH;.MSC, DXSDK_DIR=C:\Program Files (x86)\Microsoft DirectX SDK (June 2010)\, WINDIR=C:\WINDOWS, HOMEPATH=\Users\megroup9gmail.com, PROCESSOR_IDENTIFIER=Intel64 Family 6 Model 94 Stepping 3, GenuineIntel, PUBLIC=C:\Users\Public, =::=::\, VS150COMCOMNTOOLS=C:\Program Files (x86)\Microsoft Visual Studio\2017\Community\Common7\Tools\, LOCALAPPDATA=C:\Users\megroup9gmail.com\AppData\Local, MSMPI_BIN=C:\Program Files\Microsoft MPI\Bin\, COMMONPROGRAMFILES(X86)=C:\Program Files (x86)\Common Files, USERDOMAIN=BLAD, LOGONSERVER=\\BLAD, PROMPT=$P$G, PROGRAMFILES(X86)=C:\Program Files (x86), VS120COMNTOOLS=C:\Program Files (x86)\Microsoft Visual Studio 12.0\Common7\Tools\, =C:=C:\Users\megroup9gmail.com\git\site-\telephone_system, APPDATA=C:\Users\megroup9gmail.com\AppData\Roaming, PROGRAMW6432=C:\Program Files, GTK_BASEPATH=C:\Program Files (x86)\GtkSharp\2.12\, SYSTEMROOT=C:\WINDOWS, VBOX_MSI_INSTALL_PATH=C:\Program Files\Oracle\VirtualBox\, NVTOOLSEXT_PATH=C:\Program Files\NVIDIA Corporation\NvToolsExt\, OS=Windows_NT, COMMONPROGRAMW6432=C:\Program Files\Common Files, COMPUTERNAME=BLAD, COMMONPROGRAMFILES=C:\Program Files\Common Files, COMSPEC=C:\WINDOWS\system32\cmd.exe, NVCUDASAMPLES_ROOT=C:\ProgramData\NVIDIA Corporation\CUDA Samples\v9.0, CUDA_PATH=C:\Program Files\NVIDIA GPU Computing Toolkit\CUDA\v9.0, PROCESSOR_REVISION=5e03, NVCUDASAMPLES9_0_ROOT=C:\ProgramData\NVIDIA Corporation\CUDA Samples\v9.0, TEMP=C:\Users\MEGROU~1.COM\AppData\Local\Temp, HOMEDRIVE=C:, USERPROFILE=C:\Users\megroup9gmail.com, TMP=C:\Users\MEGROU~1.COM\AppData\Local\Temp, VS110COMNTOOLS=C:\Program Files (x86)\Microsoft Visual Studio 11.0\Common7\Tools\, CUDA_PATH_V9_0=C:\Program Files\NVIDIA GPU Computing Toolkit\CUDA\v9.0, MYSQLCONNECTOR_ASSEMBLIESPATH=C:\Program Files (x86)\MySQL\Connector.NET 6.9\Assemblies\v4.5, NUMBER_OF_PROCESSORS=4}}]
02:26:56.327 [main] DEBUG org.springframework.core.io.support.PathMatchingResourcePatternResolver - Resolved classpath location [hello/] to resources [URL [file:/C:/Users/megroup9gmail.com/git/site-/telephone_system/target/test-classes/hello/]]
02:26:56.328 [main] DEBUG org.springframework.core.io.support.PathMatchingResourcePatternResolver - Looking for matching resources in directory tree [C:\Users\megroup9gmail.com\git\site-\telephone_system\target\test-classes\hello]
02:26:56.328 [main] DEBUG org.springframework.core.io.support.PathMatchingResourcePatternResolver - Searching directory [C:\Users\megroup9gmail.com\git\site-\telephone_system\target\test-classes\hello] for files matching pattern [C:/Users/megroup9gmail.com/git/site-/telephone_system/target/test-classes/hello/*.class]
02:26:56.329 [main] DEBUG org.springframework.core.io.support.PathMatchingResourcePatternResolver - Resolved location pattern [classpath*:hello/*.class] to resources [file [C:\Users\megroup9gmail.com\git\site-\telephone_system\target\test-classes\hello\ApplicationTest.class]]
]]></system-out>
  </testcase>
</testsuite>