# JRE version: Java(TM) SE Runtime Environment (8.0_181-b13) (build 1.8.0_181-b13)
# Java VM: Java HotSpot(TM) 64-Bit Server VM (25.181-b13 mixed mode windows-amd64 compressed oops)
Heap:
 PSYoungGen      total 302080K, used 277889K [0x00000000d5d80000, 0x00000000ea680000, 0x0000000100000000)
  eden space 294400K, 94% used [0x00000000d5d80000,0x00000000e6ce07c0,0x00000000e7d00000)
  from space 7680K, 0% used [0x00000000e9000000,0x00000000e9000000,0x00000000e9780000)
  to   space 15360K, 18% used [0x00000000e9780000,0x00000000e9a54de0,0x00000000ea680000)
 ParOldGen       total 88576K, used 34229K [0x0000000081800000, 0x0000000086e80000, 0x00000000d5d80000)
  object space 88576K, 38% used [0x0000000081800000,0x000000008396d7e0,0x0000000086e80000)
 Metaspace       used 49869K, capacity 50714K, committed 51032K, reserved 1093632K
  class space    used 6434K, capacity 6662K, committed 6784K, reserved 1048576K
GC Heap History (10 events):
Event: 7.861 GC heap after
Heap after GC invocations=10 (full 1):
 PSYoungGen      total 235520K, used 13992K [0x00000000d5d80000, 0x00000000eb700000, 0x0000000100000000)
  eden space 219648K, 0% used [0x00000000d5d80000,0x00000000d5d80000,0x00000000e3400000)
  from space 15872K, 88% used [0x00000000e3400000,0x00000000e41aa330,0x00000000e4380000)
  to   space 17408K, 0% used [0x00000000ea600000,0x00000000ea600000,0x00000000eb700000)
 ParOldGen       total 57344K, used 17425K [0x0000000081800000, 0x0000000085000000, 0x00000000d5d80000)
  object space 57344K, 30% used [0x0000000081800000,0x0000000082904470,0x0000000085000000)
 Metaspace       used 34755K, capacity 35156K, committed 35416K, reserved 1079296K
  class space    used 4524K, capacity 4653K, committed 4736K, reserved 1048576K
}
Event: 7.861 GC heap before
{Heap before GC invocations=11 (full 2):
 PSYoungGen      total 235520K, used 13992K [0x00000000d5d80000, 0x00000000eb700000, 0x0000000100000000)
  eden space 219648K, 0% used [0x00000000d5d80000,0x00000000d5d80000,0x00000000e3400000)
  from space 15872K, 88% used [0x00000000e3400000,0x00000000e41aa330,0x00000000e4380000)
  to   space 17408K, 0% used [0x00000000ea600000,0x00000000ea600000,0x00000000eb700000)
 ParOldGen       total 57344K, used 17425K [0x0000000081800000, 0x0000000085000000, 0x00000000d5d80000)
  object space 57344K, 30% used [0x0000000081800000,0x0000000082904470,0x0000000085000000)
 Metaspace       used 34755K, capacity 35156K, committed 35416K, reserved 1079296K
  class space    used 4524K, capacity 4653K, committed 4736K, reserved 1048576K
Event: 7.906 GC heap after
Heap after GC invocations=11 (full 2):
 PSYoungGen      total 235520K, used 0K [0x00000000d5d80000, 0x00000000eb700000, 0x0000000100000000)
  eden space 219648K, 0% used [0x00000000d5d80000,0x00000000d5d80000,0x00000000e3400000)
  from space 15872K, 0% used [0x00000000e3400000,0x00000000e3400000,0x00000000e4380000)
  to   space 17408K, 0% used [0x00000000ea600000,0x00000000ea600000,0x00000000eb700000)
 ParOldGen       total 88576K, used 22341K [0x0000000081800000, 0x0000000086e80000, 0x00000000d5d80000)
  object space 88576K, 25% used [0x0000000081800000,0x0000000082dd14f8,0x0000000086e80000)
 Metaspace       used 34755K, capacity 35156K, committed 35416K, reserved 1079296K
  class space    used 4524K, capacity 4653K, committed 4736K, reserved 1048576K
}
Event: 10.133 GC heap before
{Heap before GC invocations=12 (full 2):
 PSYoungGen      total 235520K, used 219648K [0x00000000d5d80000, 0x00000000eb700000, 0x0000000100000000)
  eden space 219648K, 100% used [0x00000000d5d80000,0x00000000e3400000,0x00000000e3400000)
  from space 15872K, 0% used [0x00000000e3400000,0x00000000e3400000,0x00000000e4380000)
  to   space 17408K, 0% used [0x00000000ea600000,0x00000000ea600000,0x00000000eb700000)
 ParOldGen       total 88576K, used 22341K [0x0000000081800000, 0x0000000086e80000, 0x00000000d5d80000)
  object space 88576K, 25% used [0x0000000081800000,0x0000000082dd14f8,0x0000000086e80000)
 Metaspace       used 44315K, capacity 44910K, committed 45144K, reserved 1089536K
  class space    used 5816K, capacity 5980K, committed 6016K, reserved 1048576K
Event: 10.148 GC heap after
Heap after GC invocations=12 (full 2):
 PSYoungGen      total 311808K, used 17396K [0x00000000d5d80000, 0x00000000eb700000, 0x0000000100000000)
  eden space 294400K, 0% used [0x00000000d5d80000,0x00000000d5d80000,0x00000000e7d00000)
  from space 17408K, 99% used [0x00000000ea600000,0x00000000eb6fd2a0,0x00000000eb700000)
  to   space 19968K, 0% used [0x00000000e9000000,0x00000000e9000000,0x00000000ea380000)
 ParOldGen       total 88576K, used 24121K [0x0000000081800000, 0x0000000086e80000, 0x00000000d5d80000)
  object space 88576K, 27% used [0x0000000081800000,0x0000000082f8e640,0x0000000086e80000)
 Metaspace       used 44315K, capacity 44910K, committed 45144K, reserved 1089536K
  class space    used 5816K, capacity 5980K, committed 6016K, reserved 1048576K
}
Event: 203.431 GC heap before
{Heap before GC invocations=13 (full 2):
 PSYoungGen      total 311808K, used 200365K [0x00000000d5d80000, 0x00000000eb700000, 0x0000000100000000)
  eden space 294400K, 62% used [0x00000000d5d80000,0x00000000e102e268,0x00000000e7d00000)
  from space 17408K, 99% used [0x00000000ea600000,0x00000000eb6fd2a0,0x00000000eb700000)
  to   space 19968K, 0% used [0x00000000e9000000,0x00000000e9000000,0x00000000ea380000)
 ParOldGen       total 88576K, used 24121K [0x0000000081800000, 0x0000000086e80000, 0x00000000d5d80000)
  object space 88576K, 27% used [0x0000000081800000,0x0000000082f8e640,0x0000000086e80000)
 Metaspace       used 49104K, capacity 49752K, committed 50136K, reserved 1093632K
  class space    used 6366K, capacity 6548K, committed 6656K, reserved 1048576K
Event: 203.445 GC heap after
Heap after GC invocations=13 (full 2):
 PSYoungGen      total 302080K, used 7286K [0x00000000d5d80000, 0x00000000ea680000, 0x0000000100000000)
  eden space 294400K, 0% used [0x00000000d5d80000,0x00000000d5d80000,0x00000000e7d00000)
  from space 7680K, 94% used [0x00000000e9000000,0x00000000e971d9e8,0x00000000e9780000)
  to   space 15360K, 0% used [0x00000000e9780000,0x00000000e9780000,0x00000000ea680000)
 ParOldGen       total 88576K, used 34195K [0x0000000081800000, 0x0000000086e80000, 0x00000000d5d80000)
  object space 88576K, 38% used [0x0000000081800000,0x0000000083964fd0,0x0000000086e80000)
 Metaspace       used 49104K, capacity 49752K, committed 50136K, reserved 1093632K
  class space    used 6366K, capacity 6548K, committed 6656K, reserved 1048576K
}
Event: 203.445 GC heap before
{Heap before GC invocations=14 (full 3):
 PSYoungGen      total 302080K, used 7286K [0x00000000d5d80000, 0x00000000ea680000, 0x0000000100000000)
  eden space 294400K, 0% used [0x00000000d5d80000,0x00000000d5d80000,0x00000000e7d00000)
  from space 7680K, 94% used [0x00000000e9000000,0x00000000e971d9e8,0x00000000e9780000)
  to   space 15360K, 0% used [0x00000000e9780000,0x00000000e9780000,0x00000000ea680000)
 ParOldGen       total 88576K, used 34195K [0x0000000081800000, 0x0000000086e80000, 0x00000000d5d80000)
  object space 88576K, 38% used [0x0000000081800000,0x0000000083964fd0,0x0000000086e80000)
 Metaspace       used 49104K, capacity 49752K, committed 50136K, reserved 1093632K
  class space    used 6366K, capacity 6548K, committed 6656K, reserved 1048576K
Event: 203.584 GC heap after
Heap after GC invocations=14 (full 3):
 PSYoungGen      total 302080K, used 0K [0x00000000d5d80000, 0x00000000ea680000, 0x0000000100000000)
  eden space 294400K, 0% used [0x00000000d5d80000,0x00000000d5d80000,0x00000000e7d00000)
  from space 7680K, 0% used [0x00000000e9000000,0x00000000e9000000,0x00000000e9780000)
  to   space 15360K, 0% used [0x00000000e9780000,0x00000000e9780000,0x00000000ea680000)
 ParOldGen       total 88576K, used 34221K [0x0000000081800000, 0x0000000086e80000, 0x00000000d5d80000)
  object space 88576K, 38% used [0x0000000081800000,0x000000008396b7e0,0x0000000086e80000)
 Metaspace       used 49104K, capacity 49752K, committed 50136K, reserved 1093632K
  class space    used 6366K, capacity 6548K, committed 6656K, reserved 1048576K
}
Event: 246.987 GC heap before
{Heap before GC invocations=15 (full 3):
 PSYoungGen      total 302080K, used 277889K [0x00000000d5d80000, 0x00000000ea680000, 0x0000000100000000)
  eden space 294400K, 94% used [0x00000000d5d80000,0x00000000e6ce07c0,0x00000000e7d00000)
  from space 7680K, 0% used [0x00000000e9000000,0x00000000e9000000,0x00000000e9780000)
  to   space 15360K, 0% used [0x00000000e9780000,0x00000000e9780000,0x00000000ea680000)
 ParOldGen       total 88576K, used 34221K [0x0000000081800000, 0x0000000086e80000, 0x00000000d5d80000)
  object space 88576K, 38% used [0x0000000081800000,0x000000008396b7e0,0x0000000086e80000)
 Metaspace       used 49869K, capacity 50714K, committed 51032K, reserved 1093632K
  class space    used 6434K, capacity 6662K, committed 6784K, reserved 1048576K

